mode: set
github.com/sam-caldwell/ami/src/ami/compiler/scanner/scanner.go:19.35,19.74 1 1
github.com/sam-caldwell/ami/src/ami/compiler/scanner/scanner.go:24.40,25.34 1 0
github.com/sam-caldwell/ami/src/ami/compiler/scanner/scanner.go:25.34,25.47 1 0
github.com/sam-caldwell/ami/src/ami/compiler/scanner/scanner.go:26.5,26.26 1 0
github.com/sam-caldwell/ami/src/ami/compiler/scanner/scanner.go:31.38,32.34 1 1
github.com/sam-caldwell/ami/src/ami/compiler/scanner/scanner.go:32.34,34.6 1 1
github.com/sam-caldwell/ami/src/ami/compiler/scanner/scanner.go:35.5,38.22 3 1
github.com/sam-caldwell/ami/src/ami/compiler/scanner/scanner.go:38.22,40.45 2 1
github.com/sam-caldwell/ami/src/ami/compiler/scanner/scanner.go:40.45,41.18 1 0
github.com/sam-caldwell/ami/src/ami/compiler/scanner/scanner.go:43.9,43.32 1 1
github.com/sam-caldwell/ami/src/ami/compiler/scanner/scanner.go:43.32,43.39 1 1
github.com/sam-caldwell/ami/src/ami/compiler/scanner/scanner.go:44.9,44.25 1 1
github.com/sam-caldwell/ami/src/ami/compiler/scanner/scanner.go:46.5,46.22 1 1
github.com/sam-caldwell/ami/src/ami/compiler/scanner/scanner.go:46.22,48.6 1 1
github.com/sam-caldwell/ami/src/ami/compiler/scanner/scanner.go:50.5,52.47 2 1
github.com/sam-caldwell/ami/src/ami/compiler/scanner/scanner.go:52.47,53.35 1 1
github.com/sam-caldwell/ami/src/ami/compiler/scanner/scanner.go:53.35,57.30 4 1
github.com/sam-caldwell/ami/src/ami/compiler/scanner/scanner.go:57.30,59.43 2 1
github.com/sam-caldwell/ami/src/ami/compiler/scanner/scanner.go:59.43,59.50 1 1
github.com/sam-caldwell/ami/src/ami/compiler/scanner/scanner.go:60.17,60.33 1 1
github.com/sam-caldwell/ami/src/ami/compiler/scanner/scanner.go:62.13,63.94 2 1
github.com/sam-caldwell/ami/src/ami/compiler/scanner/scanner.go:65.9,65.35 1 1
github.com/sam-caldwell/ami/src/ami/compiler/scanner/scanner.go:65.35,69.85 4 1
github.com/sam-caldwell/ami/src/ami/compiler/scanner/scanner.go:69.85,69.99 1 1
github.com/sam-caldwell/ami/src/ami/compiler/scanner/scanner.go:70.13,71.31 2 1
github.com/sam-caldwell/ami/src/ami/compiler/scanner/scanner.go:71.31,71.48 1 1
github.com/sam-caldwell/ami/src/ami/compiler/scanner/scanner.go:72.13,72.95 1 1
github.com/sam-caldwell/ami/src/ami/compiler/scanner/scanner.go:76.5,79.42 2 1
github.com/sam-caldwell/ami/src/ami/compiler/scanner/scanner.go:79.42,81.26 2 1
github.com/sam-caldwell/ami/src/ami/compiler/scanner/scanner.go:81.26,83.70 2 1
github.com/sam-caldwell/ami/src/ami/compiler/scanner/scanner.go:83.70,85.25 2 1
github.com/sam-caldwell/ami/src/ami/compiler/scanner/scanner.go:87.13,87.18 1 1
github.com/sam-caldwell/ami/src/ami/compiler/scanner/scanner.go:89.9,90.67 2 1
github.com/sam-caldwell/ami/src/ami/compiler/scanner/scanner.go:90.67,92.10 1 1
github.com/sam-caldwell/ami/src/ami/compiler/scanner/scanner.go:93.9,93.83 1 1
github.com/sam-caldwell/ami/src/ami/compiler/scanner/scanner.go:97.5,97.28 1 1
github.com/sam-caldwell/ami/src/ami/compiler/scanner/scanner.go:97.28,99.51 1 1
github.com/sam-caldwell/ami/src/ami/compiler/scanner/scanner.go:99.51,100.36 1 1
github.com/sam-caldwell/ami/src/ami/compiler/scanner/scanner.go:101.27,103.34 2 1
github.com/sam-caldwell/ami/src/ami/compiler/scanner/scanner.go:103.34,105.99 2 1
github.com/sam-caldwell/ami/src/ami/compiler/scanner/scanner.go:105.99,105.125 2 1
github.com/sam-caldwell/ami/src/ami/compiler/scanner/scanner.go:106.21,106.26 1 1
github.com/sam-caldwell/ami/src/ami/compiler/scanner/scanner.go:108.17,108.108 1 1
github.com/sam-caldwell/ami/src/ami/compiler/scanner/scanner.go:109.27,111.34 2 1
github.com/sam-caldwell/ami/src/ami/compiler/scanner/scanner.go:111.34,113.45 2 1
github.com/sam-caldwell/ami/src/ami/compiler/scanner/scanner.go:113.45,113.71 2 1
github.com/sam-caldwell/ami/src/ami/compiler/scanner/scanner.go:114.21,114.26 1 1
github.com/sam-caldwell/ami/src/ami/compiler/scanner/scanner.go:116.17,116.108 1 1
github.com/sam-caldwell/ami/src/ami/compiler/scanner/scanner.go:117.27,119.34 2 1
github.com/sam-caldwell/ami/src/ami/compiler/scanner/scanner.go:119.34,121.45 2 1
github.com/sam-caldwell/ami/src/ami/compiler/scanner/scanner.go:121.45,121.71 2 1
github.com/sam-caldwell/ami/src/ami/compiler/scanner/scanner.go:122.21,122.26 1 1
github.com/sam-caldwell/ami/src/ami/compiler/scanner/scanner.go:124.17,124.108 1 1
github.com/sam-caldwell/ami/src/ami/compiler/scanner/scanner.go:128.9,129.26 2 1
github.com/sam-caldwell/ami/src/ami/compiler/scanner/scanner.go:129.26,131.35 2 1
github.com/sam-caldwell/ami/src/ami/compiler/scanner/scanner.go:131.35,131.61 2 1
github.com/sam-caldwell/ami/src/ami/compiler/scanner/scanner.go:132.13,132.18 1 1
github.com/sam-caldwell/ami/src/ami/compiler/scanner/scanner.go:135.9,135.49 1 1
github.com/sam-caldwell/ami/src/ami/compiler/scanner/scanner.go:135.49,137.30 2 1
github.com/sam-caldwell/ami/src/ami/compiler/scanner/scanner.go:137.30,139.39 2 1
github.com/sam-caldwell/ami/src/ami/compiler/scanner/scanner.go:139.39,139.65 2 1
github.com/sam-caldwell/ami/src/ami/compiler/scanner/scanner.go:140.17,140.22 1 1
github.com/sam-caldwell/ami/src/ami/compiler/scanner/scanner.go:144.9,144.75 1 1
github.com/sam-caldwell/ami/src/ami/compiler/scanner/scanner.go:144.75,146.79 2 1
github.com/sam-caldwell/ami/src/ami/compiler/scanner/scanner.go:146.79,146.93 1 1
github.com/sam-caldwell/ami/src/ami/compiler/scanner/scanner.go:147.13,147.30 1 1
github.com/sam-caldwell/ami/src/ami/compiler/scanner/scanner.go:147.30,149.39 2 1
github.com/sam-caldwell/ami/src/ami/compiler/scanner/scanner.go:149.39,149.65 2 1
github.com/sam-caldwell/ami/src/ami/compiler/scanner/scanner.go:150.17,150.22 1 1
github.com/sam-caldwell/ami/src/ami/compiler/scanner/scanner.go:153.9,153.100 1 1
github.com/sam-caldwell/ami/src/ami/compiler/scanner/scanner.go:157.5,157.18 1 1
github.com/sam-caldwell/ami/src/ami/compiler/scanner/scanner.go:157.18,159.26 2 1
github.com/sam-caldwell/ami/src/ami/compiler/scanner/scanner.go:159.26,161.25 2 1
github.com/sam-caldwell/ami/src/ami/compiler/scanner/scanner.go:161.25,161.136 2 1
github.com/sam-caldwell/ami/src/ami/compiler/scanner/scanner.go:162.13,162.26 1 1
github.com/sam-caldwell/ami/src/ami/compiler/scanner/scanner.go:162.26,165.33 2 1
github.com/sam-caldwell/ami/src/ami/compiler/scanner/scanner.go:165.33,168.29 3 1
github.com/sam-caldwell/ami/src/ami/compiler/scanner/scanner.go:170.17,170.22 1 0
github.com/sam-caldwell/ami/src/ami/compiler/scanner/scanner.go:172.13,172.27 1 1
github.com/sam-caldwell/ami/src/ami/compiler/scanner/scanner.go:175.9,175.101 1 1
github.com/sam-caldwell/ami/src/ami/compiler/scanner/scanner.go:179.5,179.23 1 1
github.com/sam-caldwell/ami/src/ami/compiler/scanner/scanner.go:179.23,181.46 2 1
github.com/sam-caldwell/ami/src/ami/compiler/scanner/scanner.go:181.46,184.10 2 1
github.com/sam-caldwell/ami/src/ami/compiler/scanner/scanner.go:187.5,187.60 1 1
github.com/sam-caldwell/ami/src/ami/compiler/scanner/scanner.go:187.60,190.6 2 1
github.com/sam-caldwell/ami/src/ami/compiler/scanner/scanner.go:193.5,193.26 1 1
github.com/sam-caldwell/ami/src/ami/compiler/scanner/scanner.go:194.14,196.96 2 1
github.com/sam-caldwell/ami/src/ami/compiler/scanner/scanner.go:197.14,199.96 2 1
github.com/sam-caldwell/ami/src/ami/compiler/scanner/scanner.go:200.14,202.96 2 0
github.com/sam-caldwell/ami/src/ami/compiler/scanner/scanner.go:203.14,205.96 2 0
github.com/sam-caldwell/ami/src/ami/compiler/scanner/scanner.go:206.14,208.89 2 0
github.com/sam-caldwell/ami/src/ami/compiler/scanner/scanner.go:209.14,211.89 2 0
github.com/sam-caldwell/ami/src/ami/compiler/scanner/scanner.go:212.14,214.94 2 1
github.com/sam-caldwell/ami/src/ami/compiler/scanner/scanner.go:215.14,217.92 2 1
github.com/sam-caldwell/ami/src/ami/compiler/scanner/scanner.go:218.14,220.84 2 0
github.com/sam-caldwell/ami/src/ami/compiler/scanner/scanner.go:221.14,223.86 2 0
github.com/sam-caldwell/ami/src/ami/compiler/scanner/scanner.go:224.14,226.85 2 1
github.com/sam-caldwell/ami/src/ami/compiler/scanner/scanner.go:227.15,229.91 2 0
github.com/sam-caldwell/ami/src/ami/compiler/scanner/scanner.go:230.14,232.87 2 0
github.com/sam-caldwell/ami/src/ami/compiler/scanner/scanner.go:233.14,235.85 2 0
github.com/sam-caldwell/ami/src/ami/compiler/scanner/scanner.go:236.14,238.86 2 0
github.com/sam-caldwell/ami/src/ami/compiler/scanner/scanner.go:239.14,241.89 2 0
github.com/sam-caldwell/ami/src/ami/compiler/scanner/scanner.go:242.14,244.83 2 0
github.com/sam-caldwell/ami/src/ami/compiler/scanner/scanner.go:245.14,247.86 2 1
github.com/sam-caldwell/ami/src/ami/compiler/scanner/scanner.go:248.14,250.86 2 0
github.com/sam-caldwell/ami/src/ami/compiler/scanner/scanner.go:251.15,253.92 2 0
github.com/sam-caldwell/ami/src/ami/compiler/scanner/scanner.go:254.14,257.93 2 0
github.com/sam-caldwell/ami/src/ami/compiler/scanner/scanner.go:261.5,262.96 2 0
