mode: set
github.com/sam-caldwell/ami/src/ami/runtime/buffer/fifo.go:27.39,31.35 5 1
github.com/sam-caldwell/ami/src/ami/runtime/buffer/fifo.go:31.35,32.31 1 1
github.com/sam-caldwell/ami/src/ami/runtime/buffer/fifo.go:33.22,35.27 2 1
github.com/sam-caldwell/ami/src/ami/runtime/buffer/fifo.go:36.42,37.29 1 1
github.com/sam-caldwell/ami/src/ami/runtime/buffer/fifo.go:37.29,40.14 2 1
github.com/sam-caldwell/ami/src/ami/runtime/buffer/fifo.go:41.42,43.23 2 1
github.com/sam-caldwell/ami/src/ami/runtime/buffer/fifo.go:44.17,46.23 2 0
github.com/sam-caldwell/ami/src/ami/runtime/buffer/fifo.go:49.5,50.15 2 1
github.com/sam-caldwell/ami/src/ami/runtime/buffer/fifo.go:53.39,55.22 3 1
github.com/sam-caldwell/ami/src/ami/runtime/buffer/fifo.go:55.22,55.43 1 0
github.com/sam-caldwell/ami/src/ami/runtime/buffer/fifo.go:56.5,59.19 4 1
github.com/sam-caldwell/ami/src/ami/runtime/buffer/fifo.go:62.31,62.84 3 1
github.com/sam-caldwell/ami/src/ami/runtime/buffer/fifo.go:63.60,63.138 3 1
github.com/sam-caldwell/ami/src/ami/runtime/buffer/fifo_new.go:3.50,4.16 1 1
github.com/sam-caldwell/ami/src/ami/runtime/buffer/fifo_new.go:4.16,4.27 1 0
github.com/sam-caldwell/ami/src/ami/runtime/buffer/fifo_new.go:5.5,5.16 1 1
github.com/sam-caldwell/ami/src/ami/runtime/buffer/fifo_new.go:5.16,5.27 1 0
github.com/sam-caldwell/ami/src/ami/runtime/buffer/fifo_new.go:6.5,6.95 1 1
github.com/sam-caldwell/ami/src/ami/runtime/buffer/lifo.go:21.39,25.35 5 1
github.com/sam-caldwell/ami/src/ami/runtime/buffer/lifo.go:25.35,26.31 1 1
github.com/sam-caldwell/ami/src/ami/runtime/buffer/lifo.go:27.22,29.27 2 1
github.com/sam-caldwell/ami/src/ami/runtime/buffer/lifo.go:30.42,31.29 1 1
github.com/sam-caldwell/ami/src/ami/runtime/buffer/lifo.go:31.29,35.14 3 1
github.com/sam-caldwell/ami/src/ami/runtime/buffer/lifo.go:36.42,38.23 2 1
github.com/sam-caldwell/ami/src/ami/runtime/buffer/lifo.go:39.17,41.23 2 0
github.com/sam-caldwell/ami/src/ami/runtime/buffer/lifo.go:44.5,45.15 2 1
github.com/sam-caldwell/ami/src/ami/runtime/buffer/lifo.go:48.39,50.22 3 1
github.com/sam-caldwell/ami/src/ami/runtime/buffer/lifo.go:50.22,50.43 1 0
github.com/sam-caldwell/ami/src/ami/runtime/buffer/lifo.go:51.5,55.19 5 1
github.com/sam-caldwell/ami/src/ami/runtime/buffer/lifo.go:58.31,58.84 3 1
github.com/sam-caldwell/ami/src/ami/runtime/buffer/lifo.go:59.60,59.138 3 0
github.com/sam-caldwell/ami/src/ami/runtime/buffer/lifo_new.go:3.50,4.16 1 1
github.com/sam-caldwell/ami/src/ami/runtime/buffer/lifo_new.go:4.16,4.27 1 0
github.com/sam-caldwell/ami/src/ami/runtime/buffer/lifo_new.go:5.5,5.16 1 1
github.com/sam-caldwell/ami/src/ami/runtime/buffer/lifo_new.go:5.16,5.27 1 0
github.com/sam-caldwell/ami/src/ami/runtime/buffer/lifo_new.go:6.5,6.95 1 1
github.com/sam-caldwell/ami/src/ami/runtime/scheduler/new_pool.go:10.37,11.25 1 1
github.com/sam-caldwell/ami/src/ami/runtime/scheduler/new_pool.go:11.25,11.58 1 0
github.com/sam-caldwell/ami/src/ami/runtime/scheduler/new_pool.go:12.5,12.25 1 1
github.com/sam-caldwell/ami/src/ami/runtime/scheduler/new_pool.go:12.25,12.46 1 0
github.com/sam-caldwell/ami/src/ami/runtime/scheduler/new_pool.go:13.5,15.23 3 1
github.com/sam-caldwell/ami/src/ami/runtime/scheduler/new_pool.go:16.15,21.19 2 1
github.com/sam-caldwell/ami/src/ami/runtime/scheduler/new_pool.go:21.19,23.10 1 1
github.com/sam-caldwell/ami/src/ami/runtime/scheduler/new_pool.go:24.9,24.38 1 1
github.com/sam-caldwell/ami/src/ami/runtime/scheduler/new_pool.go:25.15,26.33 1 0
github.com/sam-caldwell/ami/src/ami/runtime/scheduler/new_pool.go:27.15,29.40 2 1
github.com/sam-caldwell/ami/src/ami/runtime/scheduler/new_pool.go:30.20,32.42 2 1
github.com/sam-caldwell/ami/src/ami/runtime/scheduler/new_pool.go:32.42,35.10 1 1
github.com/sam-caldwell/ami/src/ami/runtime/scheduler/new_pool.go:37.5,38.18 2 1
github.com/sam-caldwell/ami/src/ami/runtime/scheduler/parse_policy.go:4.43,5.14 1 1
github.com/sam-caldwell/ami/src/ami/runtime/scheduler/parse_policy.go:6.25,7.26 1 1
github.com/sam-caldwell/ami/src/ami/runtime/scheduler/parse_policy.go:8.25,9.26 1 1
github.com/sam-caldwell/ami/src/ami/runtime/scheduler/parse_policy.go:10.25,11.26 1 1
github.com/sam-caldwell/ami/src/ami/runtime/scheduler/parse_policy.go:12.63,13.31 1 1
github.com/sam-caldwell/ami/src/ami/runtime/scheduler/parse_policy.go:14.13,15.25 1 1
github.com/sam-caldwell/ami/src/ami/runtime/scheduler/pool.go:36.24,37.40 1 1
github.com/sam-caldwell/ami/src/ami/runtime/scheduler/pool.go:37.40,40.18 3 1
github.com/sam-caldwell/ami/src/ami/runtime/scheduler/pool.go:40.18,40.57 2 1
github.com/sam-caldwell/ami/src/ami/runtime/scheduler/pool.go:44.23,44.50 2 1
github.com/sam-caldwell/ami/src/ami/runtime/scheduler/pool.go:47.37,48.25 1 1
github.com/sam-caldwell/ami/src/ami/runtime/scheduler/pool.go:49.15,50.16 1 1
github.com/sam-caldwell/ami/src/ami/runtime/scheduler/pool.go:50.37,50.48 1 1
github.com/sam-caldwell/ami/src/ami/runtime/scheduler/pool.go:50.58,50.90 1 0
github.com/sam-caldwell/ami/src/ami/runtime/scheduler/pool.go:51.15,52.83 4 0
github.com/sam-caldwell/ami/src/ami/runtime/scheduler/pool.go:53.15,55.44 2 1
github.com/sam-caldwell/ami/src/ami/runtime/scheduler/pool.go:55.44,55.91 1 1
github.com/sam-caldwell/ami/src/ami/runtime/scheduler/pool.go:56.9,58.19 3 1
github.com/sam-caldwell/ami/src/ami/runtime/scheduler/pool.go:59.20,66.13 6 1
github.com/sam-caldwell/ami/src/ami/runtime/scheduler/pool.go:66.13,67.36 1 1
github.com/sam-caldwell/ami/src/ami/runtime/scheduler/pool.go:67.36,69.24 2 1
github.com/sam-caldwell/ami/src/ami/runtime/scheduler/pool.go:69.47,69.58 1 1
github.com/sam-caldwell/ami/src/ami/runtime/scheduler/pool.go:69.68,69.68 0 1
github.com/sam-caldwell/ami/src/ami/runtime/scheduler/pool.go:71.13,72.45 2 1
github.com/sam-caldwell/ami/src/ami/runtime/scheduler/pool.go:74.13,75.44 1 0
github.com/sam-caldwell/ami/src/ami/runtime/scheduler/pool.go:79.34,80.17 1 1
github.com/sam-caldwell/ami/src/ami/runtime/scheduler/pool.go:80.17,80.34 1 1
github.com/sam-caldwell/ami/src/ami/runtime/scheduler/pool.go:81.5,81.9 1 1
github.com/sam-caldwell/ami/src/ami/runtime/scheduler/pool.go:81.9,82.16 1 1
github.com/sam-caldwell/ami/src/ami/runtime/scheduler/pool.go:83.29,83.36 1 1
github.com/sam-caldwell/ami/src/ami/runtime/scheduler/pool.go:84.17,84.17 0 1
github.com/sam-caldwell/ami/src/ami/runtime/scheduler/pool.go:86.9,88.29 3 1
github.com/sam-caldwell/ami/src/ami/runtime/scheduler/pool.go:89.19,90.20 1 1
github.com/sam-caldwell/ami/src/ami/runtime/scheduler/pool.go:91.33,91.40 1 1
github.com/sam-caldwell/ami/src/ami/runtime/scheduler/pool.go:92.37,92.37 0 1
github.com/sam-caldwell/ami/src/ami/runtime/scheduler/pool.go:94.19,97.22 3 0
github.com/sam-caldwell/ami/src/ami/runtime/scheduler/pool.go:97.22,97.75 3 0
github.com/sam-caldwell/ami/src/ami/runtime/scheduler/pool.go:98.13,99.20 2 0
github.com/sam-caldwell/ami/src/ami/runtime/scheduler/pool.go:99.20,99.75 2 0
github.com/sam-caldwell/ami/src/ami/runtime/scheduler/pool.go:100.19,102.37 2 1
github.com/sam-caldwell/ami/src/ami/runtime/scheduler/pool.go:102.37,105.31 3 1
github.com/sam-caldwell/ami/src/ami/runtime/scheduler/pool.go:105.31,109.18 3 1
github.com/sam-caldwell/ami/src/ami/runtime/scheduler/pool.go:110.17,110.28 1 1
github.com/sam-caldwell/ami/src/ami/runtime/scheduler/pool.go:112.13,113.20 2 1
github.com/sam-caldwell/ami/src/ami/runtime/scheduler/pool.go:113.20,113.75 2 1
github.com/sam-caldwell/ami/src/ami/runtime/scheduler/pool.go:114.24,116.44 1 1
github.com/sam-caldwell/ami/src/ami/runtime/scheduler/pool.go:116.44,118.49 1 1
github.com/sam-caldwell/ami/src/ami/runtime/scheduler/pool.go:118.49,120.56 2 1
github.com/sam-caldwell/ami/src/ami/runtime/scheduler/pool.go:120.56,120.82 3 1
github.com/sam-caldwell/ami/src/ami/runtime/scheduler/pool.go:122.17,122.24 1 1
github.com/sam-caldwell/ami/src/ami/runtime/scheduler/pool.go:122.24,122.79 2 1
github.com/sam-caldwell/ami/src/ami/runtime/scheduler/pool.go:125.9,125.30 1 1
github.com/sam-caldwell/ami/src/ami/runtime/scheduler/pool.go:125.30,127.10 1 1
github.com/sam-caldwell/ami/src/ami/runtime/scheduler/pool.go:131.46,132.12 1 1
github.com/sam-caldwell/ami/src/ami/runtime/scheduler/pool.go:132.36,132.51 1 1
github.com/sam-caldwell/ami/src/ami/runtime/scheduler/pool.go:132.61,132.82 1 1
github.com/sam-caldwell/ami/src/ami/runtime/scheduler/pool.go:134.48,134.73 1 1
github.com/sam-caldwell/ami/src/ami/runtime/errorpipe/default.go:7.69,9.2 1 1
github.com/sam-caldwell/ami/src/ami/runtime/errorpipe/write.go:13.80,15.22 2 1
github.com/sam-caldwell/ami/src/ami/runtime/errorpipe/write.go:15.22,15.41 1 1
github.com/sam-caldwell/ami/src/ami/runtime/errorpipe/write.go:16.5,17.19 2 1
github.com/sam-caldwell/ami/src/ami/runtime/errorpipe/write.go:17.19,17.33 1 1
github.com/sam-caldwell/ami/src/ami/runtime/errorpipe/write.go:18.5,20.15 3 1
github.com/sam-caldwell/ami/src/ami/runtime/tester/as_int.go:3.31,4.26 1 1
github.com/sam-caldwell/ami/src/ami/runtime/tester/as_int.go:5.14,6.23 1 1
github.com/sam-caldwell/ami/src/ami/runtime/tester/as_int.go:7.16,8.28 1 1
github.com/sam-caldwell/ami/src/ami/runtime/tester/as_int.go:9.16,10.28 1 1
github.com/sam-caldwell/ami/src/ami/runtime/tester/as_int.go:11.18,12.28 1 1
github.com/sam-caldwell/ami/src/ami/runtime/tester/as_int.go:13.18,14.28 1 1
github.com/sam-caldwell/ami/src/ami/runtime/tester/as_int.go:15.13,16.24 1 1
github.com/sam-caldwell/ami/src/ami/runtime/tester/kv_testutil.go:10.42,13.2 2 1
github.com/sam-caldwell/ami/src/ami/runtime/tester/run.go:14.83,17.25 2 1
github.com/sam-caldwell/ami/src/ami/runtime/tester/run.go:17.25,21.6 3 1
github.com/sam-caldwell/ami/src/ami/runtime/tester/run.go:22.5,23.29 2 1
github.com/sam-caldwell/ami/src/ami/runtime/tester/run.go:23.29,23.43 1 1
github.com/sam-caldwell/ami/src/ami/runtime/tester/run.go:25.5,25.39 1 1
github.com/sam-caldwell/ami/src/ami/runtime/tester/run.go:25.39,26.43 1 1
github.com/sam-caldwell/ami/src/ami/runtime/tester/run.go:26.43,28.20 2 1
github.com/sam-caldwell/ami/src/ami/runtime/tester/run.go:29.31,31.132 2 1
github.com/sam-caldwell/ami/src/ami/runtime/tester/run.go:32.24,32.24 0 0
github.com/sam-caldwell/ami/src/ami/runtime/tester/run.go:36.5,36.41 1 1
github.com/sam-caldwell/ami/src/ami/runtime/tester/run.go:36.41,37.47 1 1
github.com/sam-caldwell/ami/src/ami/runtime/tester/run.go:37.47,40.10 2 1
github.com/sam-caldwell/ami/src/ami/runtime/tester/run.go:42.5,42.65 1 1
github.com/sam-caldwell/ami/src/ami/runtime/kvstore/apply_options.go:3.48,5.29 2 1
github.com/sam-caldwell/ami/src/ami/runtime/kvstore/apply_options.go:5.29,5.39 1 1
github.com/sam-caldwell/ami/src/ami/runtime/kvstore/apply_options.go:6.5,6.13 1 1
github.com/sam-caldwell/ami/src/ami/runtime/kvstore/default.go:7.23,7.46 1 1
github.com/sam-caldwell/ami/src/ami/runtime/kvstore/del.go:4.27,4.59 1 0
github.com/sam-caldwell/ami/src/ami/runtime/kvstore/entry.go:14.47,16.2 1 1
github.com/sam-caldwell/ami/src/ami/runtime/kvstore/entry.go:18.32,18.68 1 1
github.com/sam-caldwell/ami/src/ami/runtime/kvstore/entry.go:20.38,20.60 1 1
github.com/sam-caldwell/ami/src/ami/runtime/kvstore/get.go:4.34,4.66 1 1
github.com/sam-caldwell/ami/src/ami/runtime/kvstore/has.go:4.27,4.59 1 0
github.com/sam-caldwell/ami/src/ami/runtime/kvstore/keys.go:4.22,4.52 1 0
github.com/sam-caldwell/ami/src/ami/runtime/kvstore/namespace_get.go:4.34,8.23 4 1
github.com/sam-caldwell/ami/src/ami/runtime/kvstore/namespace_get.go:8.23,8.35 1 1
github.com/sam-caldwell/ami/src/ami/runtime/kvstore/namespace_get.go:9.5,11.49 3 1
github.com/sam-caldwell/ami/src/ami/runtime/kvstore/namespace_get.go:11.49,11.61 1 0
github.com/sam-caldwell/ami/src/ami/runtime/kvstore/namespace_get.go:12.5,14.13 3 1
github.com/sam-caldwell/ami/src/ami/runtime/kvstore/new_store.go:6.19,6.120 1 1
github.com/sam-caldwell/ami/src/ami/runtime/kvstore/put.go:4.50,4.89 1 1
github.com/sam-caldwell/ami/src/ami/runtime/kvstore/reset_default.go:4.21,4.45 1 1
github.com/sam-caldwell/ami/src/ami/runtime/kvstore/reset_registry.go:4.22,4.82 1 1
github.com/sam-caldwell/ami/src/ami/runtime/kvstore/set_capacity.go:4.25,4.56 1 0
github.com/sam-caldwell/ami/src/ami/runtime/kvstore/stats.go:4.22,4.55 1 0
github.com/sam-caldwell/ami/src/ami/runtime/kvstore/store.go:21.36,24.14 3 1
github.com/sam-caldwell/ami/src/ami/runtime/kvstore/store.go:24.14,24.23 1 0
github.com/sam-caldwell/ami/src/ami/runtime/kvstore/store.go:25.5,26.30 2 1
github.com/sam-caldwell/ami/src/ami/runtime/kvstore/store.go:29.41,30.35 1 1
github.com/sam-caldwell/ami/src/ami/runtime/kvstore/store.go:30.35,32.6 1 1
github.com/sam-caldwell/ami/src/ami/runtime/kvstore/store.go:32.11,34.6 1 1
github.com/sam-caldwell/ami/src/ami/runtime/kvstore/store.go:37.45,38.35 1 1
github.com/sam-caldwell/ami/src/ami/runtime/kvstore/store.go:38.35,38.77 2 1
github.com/sam-caldwell/ami/src/ami/runtime/kvstore/store.go:39.5,39.25 1 1
github.com/sam-caldwell/ami/src/ami/runtime/kvstore/store.go:42.41,43.19 1 1
github.com/sam-caldwell/ami/src/ami/runtime/kvstore/store.go:43.19,43.29 1 1
github.com/sam-caldwell/ami/src/ami/runtime/kvstore/store.go:44.5,44.30 1 1
github.com/sam-caldwell/ami/src/ami/runtime/kvstore/store.go:44.30,47.22 2 1
github.com/sam-caldwell/ami/src/ami/runtime/kvstore/store.go:47.22,47.29 1 0
github.com/sam-caldwell/ami/src/ami/runtime/kvstore/store.go:48.9,52.30 5 1
github.com/sam-caldwell/ami/src/ami/runtime/kvstore/store.go:57.61,62.18 5 1
github.com/sam-caldwell/ami/src/ami/runtime/kvstore/store.go:62.18,62.97 3 1
github.com/sam-caldwell/ami/src/ami/runtime/kvstore/store.go:63.5,63.23 1 1
github.com/sam-caldwell/ami/src/ami/runtime/kvstore/store.go:63.23,63.56 1 1
github.com/sam-caldwell/ami/src/ami/runtime/kvstore/store.go:64.5,66.30 3 1
github.com/sam-caldwell/ami/src/ami/runtime/kvstore/store.go:71.45,75.12 4 1
github.com/sam-caldwell/ami/src/ami/runtime/kvstore/store.go:75.12,75.53 2 1
github.com/sam-caldwell/ami/src/ami/runtime/kvstore/store.go:76.5,76.26 1 1
github.com/sam-caldwell/ami/src/ami/runtime/kvstore/store.go:76.26,76.114 4 1
github.com/sam-caldwell/ami/src/ami/runtime/kvstore/store.go:77.5,78.29 2 1
github.com/sam-caldwell/ami/src/ami/runtime/kvstore/store.go:78.29,80.34 2 1
github.com/sam-caldwell/ami/src/ami/runtime/kvstore/store.go:80.34,80.60 1 1
github.com/sam-caldwell/ami/src/ami/runtime/kvstore/store.go:83.5,83.34 1 1
github.com/sam-caldwell/ami/src/ami/runtime/kvstore/store.go:83.34,85.6 1 1
github.com/sam-caldwell/ami/src/ami/runtime/kvstore/store.go:86.5,88.19 3 1
github.com/sam-caldwell/ami/src/ami/runtime/kvstore/store.go:92.38,95.34 3 1
github.com/sam-caldwell/ami/src/ami/runtime/kvstore/store.go:95.34,95.73 2 0
github.com/sam-caldwell/ami/src/ami/runtime/kvstore/store.go:96.5,96.17 1 1
github.com/sam-caldwell/ami/src/ami/runtime/kvstore/store.go:100.38,104.12 4 1
github.com/sam-caldwell/ami/src/ami/runtime/kvstore/store.go:104.12,104.28 1 0
github.com/sam-caldwell/ami/src/ami/runtime/kvstore/store.go:105.5,105.20 1 1
github.com/sam-caldwell/ami/src/ami/runtime/kvstore/store.go:105.20,105.86 4 0
github.com/sam-caldwell/ami/src/ami/runtime/kvstore/store.go:106.5,106.16 1 1
github.com/sam-caldwell/ami/src/ami/runtime/kvstore/store.go:110.33,115.31 5 0
github.com/sam-caldwell/ami/src/ami/runtime/kvstore/store.go:115.31,116.32 1 0
github.com/sam-caldwell/ami/src/ami/runtime/kvstore/store.go:116.32,116.56 1 0
github.com/sam-caldwell/ami/src/ami/runtime/kvstore/store.go:118.5,118.15 1 0
github.com/sam-caldwell/ami/src/ami/runtime/kvstore/store.go:122.35,127.2 5 1
github.com/sam-caldwell/ami/src/ami/runtime/kvstore/with_max_reads.go:4.36,4.65 1 1
github.com/sam-caldwell/ami/src/ami/runtime/kvstore/with_max_reads.go:4.65,4.76 1 1
github.com/sam-caldwell/ami/src/ami/runtime/kvstore/with_max_reads.go:4.76,4.94 1 1
github.com/sam-caldwell/ami/src/ami/runtime/kvstore/with_sliding_ttl.go:4.33,4.62 1 1
github.com/sam-caldwell/ami/src/ami/runtime/kvstore/with_sliding_ttl.go:4.62,4.82 1 1
github.com/sam-caldwell/ami/src/ami/runtime/kvstore/with_ttl.go:6.41,6.70 1 1
github.com/sam-caldwell/ami/src/ami/runtime/kvstore/with_ttl.go:6.70,6.83 1 1
github.com/sam-caldwell/ami/src/ami/runtime/merge/cmp.go:5.24,6.27 1 1
github.com/sam-caldwell/ami/src/ami/runtime/merge/cmp.go:7.15,9.36 2 1
github.com/sam-caldwell/ami/src/ami/runtime/merge/cmp.go:9.36,9.48 1 0
github.com/sam-caldwell/ami/src/ami/runtime/merge/cmp.go:10.9,10.22 1 1
github.com/sam-caldwell/ami/src/ami/runtime/merge/cmp.go:10.22,10.35 1 1
github.com/sam-caldwell/ami/src/ami/runtime/merge/cmp.go:11.9,11.22 1 1
github.com/sam-caldwell/ami/src/ami/runtime/merge/cmp.go:11.22,11.34 1 1
github.com/sam-caldwell/ami/src/ami/runtime/merge/cmp.go:12.9,12.17 1 1
github.com/sam-caldwell/ami/src/ami/runtime/merge/cmp.go:13.14,14.35 2 1
github.com/sam-caldwell/ami/src/ami/runtime/merge/cmp.go:14.35,14.47 1 0
github.com/sam-caldwell/ami/src/ami/runtime/merge/cmp.go:15.9,15.16 1 1
github.com/sam-caldwell/ami/src/ami/runtime/merge/cmp.go:15.31,15.41 1 1
github.com/sam-caldwell/ami/src/ami/runtime/merge/cmp.go:15.56,15.65 1 1
github.com/sam-caldwell/ami/src/ami/runtime/merge/cmp.go:15.75,15.84 1 1
github.com/sam-caldwell/ami/src/ami/runtime/merge/cmp.go:16.16,17.31 1 1
github.com/sam-caldwell/ami/src/ami/runtime/merge/cmp.go:18.20,19.24 1 1
github.com/sam-caldwell/ami/src/ami/runtime/merge/cmp.go:19.24,19.35 1 1
github.com/sam-caldwell/ami/src/ami/runtime/merge/cmp.go:19.40,19.52 1 1
github.com/sam-caldwell/ami/src/ami/runtime/merge/cmp.go:19.52,19.62 1 1
github.com/sam-caldwell/ami/src/ami/runtime/merge/cmp.go:19.64,19.72 1 1
github.com/sam-caldwell/ami/src/ami/runtime/merge/cmp.go:20.18,22.24 3 1
github.com/sam-caldwell/ami/src/ami/runtime/merge/cmp.go:22.24,22.35 1 1
github.com/sam-caldwell/ami/src/ami/runtime/merge/cmp.go:22.40,22.52 1 1
github.com/sam-caldwell/ami/src/ami/runtime/merge/cmp.go:22.52,22.62 1 1
github.com/sam-caldwell/ami/src/ami/runtime/merge/cmp.go:22.64,22.72 1 1
github.com/sam-caldwell/ami/src/ami/runtime/merge/cmp.go:23.17,24.21 1 0
github.com/sam-caldwell/ami/src/ami/runtime/merge/cmp.go:26.18,27.39 2 1
github.com/sam-caldwell/ami/src/ami/runtime/merge/cmp.go:27.39,27.51 1 0
github.com/sam-caldwell/ami/src/ami/runtime/merge/cmp.go:28.9,28.16 1 1
github.com/sam-caldwell/ami/src/ami/runtime/merge/cmp.go:28.31,28.41 1 1
github.com/sam-caldwell/ami/src/ami/runtime/merge/cmp.go:28.56,28.65 1 1
github.com/sam-caldwell/ami/src/ami/runtime/merge/cmp.go:28.75,28.84 1 1
github.com/sam-caldwell/ami/src/ami/runtime/merge/cmp.go:29.17,30.38 2 1
github.com/sam-caldwell/ami/src/ami/runtime/merge/cmp.go:30.38,30.50 1 0
github.com/sam-caldwell/ami/src/ami/runtime/merge/cmp.go:31.9,31.16 1 1
github.com/sam-caldwell/ami/src/ami/runtime/merge/cmp.go:31.31,31.41 1 1
github.com/sam-caldwell/ami/src/ami/runtime/merge/cmp.go:31.56,31.65 1 1
github.com/sam-caldwell/ami/src/ami/runtime/merge/cmp.go:31.75,31.84 1 1
github.com/sam-caldwell/ami/src/ami/runtime/merge/cmp.go:32.20,33.41 2 1
github.com/sam-caldwell/ami/src/ami/runtime/merge/cmp.go:33.41,33.53 1 0
github.com/sam-caldwell/ami/src/ami/runtime/merge/cmp.go:34.9,34.16 1 1
github.com/sam-caldwell/ami/src/ami/runtime/merge/cmp.go:34.37,34.47 1 1
github.com/sam-caldwell/ami/src/ami/runtime/merge/cmp.go:34.67,34.76 1 1
github.com/sam-caldwell/ami/src/ami/runtime/merge/cmp.go:34.86,34.95 1 1
github.com/sam-caldwell/ami/src/ami/runtime/merge/cmp.go:35.13,36.17 1 1
github.com/sam-caldwell/ami/src/ami/runtime/merge/extract_path.go:6.53,7.19 1 1
github.com/sam-caldwell/ami/src/ami/runtime/merge/extract_path.go:7.19,7.40 1 1
github.com/sam-caldwell/ami/src/ami/runtime/merge/extract_path.go:8.5,9.12 2 1
github.com/sam-caldwell/ami/src/ami/runtime/merge/extract_path.go:9.12,9.33 1 0
github.com/sam-caldwell/ami/src/ami/runtime/merge/extract_path.go:10.5,11.50 2 1
github.com/sam-caldwell/ami/src/ami/runtime/merge/extract_path.go:11.50,13.16 2 1
github.com/sam-caldwell/ami/src/ami/runtime/merge/extract_path.go:13.16,13.37 1 0
github.com/sam-caldwell/ami/src/ami/runtime/merge/extract_path.go:14.9,15.16 2 1
github.com/sam-caldwell/ami/src/ami/runtime/merge/extract_path.go:15.16,15.37 1 1
github.com/sam-caldwell/ami/src/ami/runtime/merge/extract_path.go:16.9,16.16 1 1
github.com/sam-caldwell/ami/src/ami/runtime/merge/extract_path.go:18.5,18.21 1 1
github.com/sam-caldwell/ami/src/ami/runtime/merge/ftoa.go:5.29,5.75 1 1
github.com/sam-caldwell/ami/src/ami/runtime/merge/itoa.go:5.27,5.62 1 1
github.com/sam-caldwell/ami/src/ami/runtime/merge/less.go:3.35,4.30 1 1
github.com/sam-caldwell/ami/src/ami/runtime/merge/less.go:4.30,8.19 4 1
github.com/sam-caldwell/ami/src/ami/runtime/merge/less.go:8.19,8.29 1 1
github.com/sam-caldwell/ami/src/ami/runtime/merge/less.go:9.9,9.30 1 1
github.com/sam-caldwell/ami/src/ami/runtime/merge/less.go:9.30,9.46 1 1
github.com/sam-caldwell/ami/src/ami/runtime/merge/less.go:10.9,10.21 1 1
github.com/sam-caldwell/ami/src/ami/runtime/merge/less.go:13.5,13.20 1 1
github.com/sam-caldwell/ami/src/ami/runtime/merge/less.go:13.20,14.43 1 1
github.com/sam-caldwell/ami/src/ami/runtime/merge/less.go:14.43,14.59 1 1
github.com/sam-caldwell/ami/src/ami/runtime/merge/less.go:16.5,16.17 1 1
github.com/sam-caldwell/ami/src/ami/runtime/merge/less.go:16.17,16.41 1 1
github.com/sam-caldwell/ami/src/ami/runtime/merge/less.go:17.5,17.17 1 1
github.com/sam-caldwell/ami/src/ami/runtime/merge/new_operator.go:3.36,5.2 1 1
github.com/sam-caldwell/ami/src/ami/runtime/merge/operator.go:27.53,28.34 1 1
github.com/sam-caldwell/ami/src/ami/runtime/merge/operator.go:28.34,28.58 1 1
github.com/sam-caldwell/ami/src/ami/runtime/merge/operator.go:29.5,29.65 1 1
github.com/sam-caldwell/ami/src/ami/runtime/merge/operator.go:29.65,29.84 1 1
github.com/sam-caldwell/ami/src/ami/runtime/merge/operator.go:30.5,30.25 1 0
github.com/sam-caldwell/ami/src/ami/runtime/merge/operator.go:33.57,35.20 2 1
github.com/sam-caldwell/ami/src/ami/runtime/merge/operator.go:35.20,35.43 1 1
github.com/sam-caldwell/ami/src/ami/runtime/merge/operator.go:36.5,36.20 1 1
github.com/sam-caldwell/ami/src/ami/runtime/merge/operator.go:36.20,36.40 1 1
github.com/sam-caldwell/ami/src/ami/runtime/merge/operator.go:37.5,37.51 1 1
github.com/sam-caldwell/ami/src/ami/runtime/merge/operator.go:37.51,37.76 1 1
github.com/sam-caldwell/ami/src/ami/runtime/merge/operator.go:38.5,38.21 1 0
github.com/sam-caldwell/ami/src/ami/runtime/merge/operator.go:41.44,44.20 3 1
github.com/sam-caldwell/ami/src/ami/runtime/merge/operator.go:44.20,44.155 3 1
github.com/sam-caldwell/ami/src/ami/runtime/merge/operator.go:46.5,46.66 1 1
github.com/sam-caldwell/ami/src/ami/runtime/merge/operator.go:46.66,47.73 1 1
github.com/sam-caldwell/ami/src/ami/runtime/merge/operator.go:47.73,48.41 1 1
github.com/sam-caldwell/ami/src/ami/runtime/merge/operator.go:48.41,50.53 1 1
github.com/sam-caldwell/ami/src/ami/runtime/merge/operator.go:50.53,51.114 1 1
github.com/sam-caldwell/ami/src/ami/runtime/merge/operator.go:51.114,52.59 1 1
github.com/sam-caldwell/ami/src/ami/runtime/merge/operator.go:52.60,52.98 0 1
github.com/sam-caldwell/ami/src/ami/runtime/merge/operator.go:52.103,52.132 2 1
github.com/sam-caldwell/ami/src/ami/runtime/merge/operator.go:59.5,59.37 1 1
github.com/sam-caldwell/ami/src/ami/runtime/merge/operator.go:59.37,60.43 1 1
github.com/sam-caldwell/ami/src/ami/runtime/merge/operator.go:60.43,60.57 1 1
github.com/sam-caldwell/ami/src/ami/runtime/merge/operator.go:61.9,61.35 1 1
github.com/sam-caldwell/ami/src/ami/runtime/merge/operator.go:64.5,65.65 2 1
github.com/sam-caldwell/ami/src/ami/runtime/merge/operator.go:65.65,65.89 1 1
github.com/sam-caldwell/ami/src/ami/runtime/merge/operator.go:66.5,66.40 1 1
github.com/sam-caldwell/ami/src/ami/runtime/merge/operator.go:66.40,67.38 1 1
github.com/sam-caldwell/ami/src/ami/runtime/merge/operator.go:68.22,69.35 1 1
github.com/sam-caldwell/ami/src/ami/runtime/merge/operator.go:70.42,71.34 1 1
github.com/sam-caldwell/ami/src/ami/runtime/merge/operator.go:71.34,76.14 3 1
github.com/sam-caldwell/ami/src/ami/runtime/merge/operator.go:77.42,81.23 3 1
github.com/sam-caldwell/ami/src/ami/runtime/merge/operator.go:82.17,83.23 1 1
github.com/sam-caldwell/ami/src/ami/runtime/merge/operator.go:87.5,88.36 2 1
github.com/sam-caldwell/ami/src/ami/runtime/merge/operator.go:88.36,89.57 1 1
github.com/sam-caldwell/ami/src/ami/runtime/merge/operator.go:89.57,89.72 1 1
github.com/sam-caldwell/ami/src/ami/runtime/merge/operator.go:89.77,89.95 1 0
github.com/sam-caldwell/ami/src/ami/runtime/merge/operator.go:92.5,93.26 2 1
github.com/sam-caldwell/ami/src/ami/runtime/merge/operator.go:93.26,94.61 1 1
github.com/sam-caldwell/ami/src/ami/runtime/merge/operator.go:94.61,94.72 1 1
github.com/sam-caldwell/ami/src/ami/runtime/merge/operator.go:96.5,101.52 5 1
github.com/sam-caldwell/ami/src/ami/runtime/merge/operator.go:101.52,101.102 1 1
github.com/sam-caldwell/ami/src/ami/runtime/merge/operator.go:102.5,103.15 2 1
github.com/sam-caldwell/ami/src/ami/runtime/merge/operator.go:107.44,108.24 1 1
github.com/sam-caldwell/ami/src/ami/runtime/merge/operator.go:108.24,108.52 1 0
github.com/sam-caldwell/ami/src/ami/runtime/merge/operator.go:109.5,109.37 1 1
github.com/sam-caldwell/ami/src/ami/runtime/merge/operator.go:109.37,113.46 4 1
github.com/sam-caldwell/ami/src/ami/runtime/merge/operator.go:113.46,113.56 1 1
github.com/sam-caldwell/ami/src/ami/runtime/merge/operator.go:114.9,118.27 5 1
github.com/sam-caldwell/ami/src/ami/runtime/merge/operator.go:120.5,120.29 1 1
github.com/sam-caldwell/ami/src/ami/runtime/merge/operator.go:125.52,126.31 1 1
github.com/sam-caldwell/ami/src/ami/runtime/merge/operator.go:126.31,126.43 1 1
github.com/sam-caldwell/ami/src/ami/runtime/merge/operator.go:127.5,129.30 3 1
github.com/sam-caldwell/ami/src/ami/runtime/merge/operator.go:129.30,131.24 2 1
github.com/sam-caldwell/ami/src/ami/runtime/merge/operator.go:131.24,131.34 1 0
github.com/sam-caldwell/ami/src/ami/runtime/merge/operator.go:132.9,132.58 1 1
github.com/sam-caldwell/ami/src/ami/runtime/merge/operator.go:132.58,135.37 2 1
github.com/sam-caldwell/ami/src/ami/runtime/merge/operator.go:135.37,135.79 1 1
github.com/sam-caldwell/ami/src/ami/runtime/merge/operator.go:136.13,138.63 2 1
github.com/sam-caldwell/ami/src/ami/runtime/merge/operator.go:138.63,138.100 1 1
github.com/sam-caldwell/ami/src/ami/runtime/merge/operator.go:139.13,139.28 1 1
github.com/sam-caldwell/ami/src/ami/runtime/merge/operator.go:142.5,142.20 1 1
github.com/sam-caldwell/ami/src/ami/runtime/merge/operator.go:142.20,142.82 2 1
github.com/sam-caldwell/ami/src/ami/runtime/merge/operator.go:143.5,143.19 1 1
github.com/sam-caldwell/ami/src/ami/runtime/merge/operator.go:148.64,150.103 2 1
github.com/sam-caldwell/ami/src/ami/runtime/merge/operator.go:150.103,150.117 1 1
github.com/sam-caldwell/ami/src/ami/runtime/merge/operator.go:151.5,152.30 2 1
github.com/sam-caldwell/ami/src/ami/runtime/merge/operator.go:152.30,154.46 2 1
github.com/sam-caldwell/ami/src/ami/runtime/merge/operator.go:154.46,154.56 1 1
github.com/sam-caldwell/ami/src/ami/runtime/merge/operator.go:156.9,156.31 1 1
github.com/sam-caldwell/ami/src/ami/runtime/merge/operator.go:156.31,159.81 2 1
github.com/sam-caldwell/ami/src/ami/runtime/merge/operator.go:159.81,160.45 1 1
github.com/sam-caldwell/ami/src/ami/runtime/merge/operator.go:160.45,161.40 1 1
github.com/sam-caldwell/ami/src/ami/runtime/merge/operator.go:161.40,161.47 1 0
github.com/sam-caldwell/ami/src/ami/runtime/merge/operator.go:162.23,162.31 1 0
github.com/sam-caldwell/ami/src/ami/runtime/merge/operator.go:163.19,163.27 1 0
github.com/sam-caldwell/ami/src/ami/runtime/merge/operator.go:164.13,166.25 3 1
github.com/sam-caldwell/ami/src/ami/runtime/merge/operator.go:169.5,169.15 1 1
github.com/sam-caldwell/ami/src/ami/runtime/merge/operator.go:174.52,176.28 2 1
github.com/sam-caldwell/ami/src/ami/runtime/merge/operator.go:176.28,176.42 1 1
github.com/sam-caldwell/ami/src/ami/runtime/merge/operator.go:177.5,177.30 1 1
github.com/sam-caldwell/ami/src/ami/runtime/merge/operator.go:177.30,179.24 2 1
github.com/sam-caldwell/ami/src/ami/runtime/merge/operator.go:179.24,179.34 1 0
github.com/sam-caldwell/ami/src/ami/runtime/merge/operator.go:180.9,180.44 1 1
github.com/sam-caldwell/ami/src/ami/runtime/merge/operator.go:180.44,185.10 4 0
github.com/sam-caldwell/ami/src/ami/runtime/merge/operator.go:187.5,187.15 1 1
github.com/sam-caldwell/ami/src/ami/runtime/merge/operator.go:192.58,194.2 1 1
github.com/sam-caldwell/ami/src/ami/runtime/merge/run_plan.go:10.87,11.88 1 1
github.com/sam-caldwell/ami/src/ami/runtime/merge/run_plan.go:11.88,11.118 1 1
github.com/sam-caldwell/ami/src/ami/runtime/merge/run_plan.go:12.5,15.9 4 1
github.com/sam-caldwell/ami/src/ami/runtime/merge/run_plan.go:15.9,16.64 1 1
github.com/sam-caldwell/ami/src/ami/runtime/merge/run_plan.go:16.64,16.93 1 0
github.com/sam-caldwell/ami/src/ami/runtime/merge/run_plan.go:16.93,16.106 1 0
github.com/sam-caldwell/ami/src/ami/runtime/merge/run_plan.go:17.9,17.73 1 1
github.com/sam-caldwell/ami/src/ami/runtime/merge/run_plan.go:17.73,17.102 1 1
github.com/sam-caldwell/ami/src/ami/runtime/merge/run_plan.go:17.102,17.115 1 1
github.com/sam-caldwell/ami/src/ami/runtime/merge/run_plan.go:18.9,18.16 1 1
github.com/sam-caldwell/ami/src/ami/runtime/merge/run_plan.go:19.27,20.17 1 1
github.com/sam-caldwell/ami/src/ami/runtime/merge/run_plan.go:20.17,20.44 1 1
github.com/sam-caldwell/ami/src/ami/runtime/merge/run_plan.go:20.44,20.56 1 0
github.com/sam-caldwell/ami/src/ami/runtime/merge/run_plan.go:20.61,20.69 1 1
github.com/sam-caldwell/ami/src/ami/runtime/merge/run_plan.go:21.13,21.19 1 1
github.com/sam-caldwell/ami/src/ami/runtime/merge/run_plan.go:22.28,23.20 1 1
github.com/sam-caldwell/ami/src/ami/runtime/merge/run_plan.go:23.20,24.21 1 0
github.com/sam-caldwell/ami/src/ami/runtime/merge/run_plan.go:24.21,24.48 1 0
github.com/sam-caldwell/ami/src/ami/runtime/merge/run_plan.go:24.48,24.60 1 0
github.com/sam-caldwell/ami/src/ami/runtime/merge/run_plan.go:24.65,24.73 1 0
github.com/sam-caldwell/ami/src/ami/runtime/merge/run_plan.go:25.17,25.23 1 0
github.com/sam-caldwell/ami/src/ami/runtime/merge/run_plan.go:27.13,27.58 1 1
github.com/sam-caldwell/ami/src/ami/runtime/merge/run_plan.go:27.58,27.85 1 0
github.com/sam-caldwell/ami/src/ami/runtime/merge/run_plan.go:27.85,27.97 1 0
github.com/sam-caldwell/ami/src/ami/runtime/merge/run_plan.go:27.99,27.113 1 0
github.com/sam-caldwell/ami/src/ami/runtime/merge/run_plan.go:28.13,28.21 1 1
github.com/sam-caldwell/ami/src/ami/runtime/merge/run_plan.go:29.30,31.68 2 1
github.com/sam-caldwell/ami/src/ami/runtime/merge/run_plan.go:31.68,31.97 1 0
github.com/sam-caldwell/ami/src/ami/runtime/merge/run_plan.go:31.97,31.110 1 0
github.com/sam-caldwell/ami/src/ami/runtime/merge/run_plan.go:32.13,32.21 1 1
github.com/sam-caldwell/ami/src/ami/runtime/merge/run_plan.go:33.17,34.38 1 1
github.com/sam-caldwell/ami/src/ami/runtime/merge/run_plan.go:34.38,34.50 1 1
github.com/sam-caldwell/ami/src/ami/runtime/merge/run_plan.go:34.55,34.92 1 1
github.com/sam-caldwell/ami/src/ami/runtime/merge/run_plan_with_stats.go:10.110,11.88 1 0
github.com/sam-caldwell/ami/src/ami/runtime/merge/run_plan_with_stats.go:11.88,11.118 1 0
github.com/sam-caldwell/ami/src/ami/runtime/merge/run_plan_with_stats.go:12.5,15.9 4 0
github.com/sam-caldwell/ami/src/ami/runtime/merge/run_plan_with_stats.go:15.9,16.64 1 0
github.com/sam-caldwell/ami/src/ami/runtime/merge/run_plan_with_stats.go:16.64,16.93 1 0
github.com/sam-caldwell/ami/src/ami/runtime/merge/run_plan_with_stats.go:16.93,16.106 1 0
github.com/sam-caldwell/ami/src/ami/runtime/merge/run_plan_with_stats.go:17.9,17.73 1 0
github.com/sam-caldwell/ami/src/ami/runtime/merge/run_plan_with_stats.go:17.73,17.102 1 0
github.com/sam-caldwell/ami/src/ami/runtime/merge/run_plan_with_stats.go:17.102,17.115 1 0
github.com/sam-caldwell/ami/src/ami/runtime/merge/run_plan_with_stats.go:18.9,18.16 1 0
github.com/sam-caldwell/ami/src/ami/runtime/merge/run_plan_with_stats.go:19.27,20.29 1 0
github.com/sam-caldwell/ami/src/ami/runtime/merge/run_plan_with_stats.go:20.29,20.151 2 0
github.com/sam-caldwell/ami/src/ami/runtime/merge/run_plan_with_stats.go:21.13,21.17 1 0
github.com/sam-caldwell/ami/src/ami/runtime/merge/run_plan_with_stats.go:21.17,21.44 1 0
github.com/sam-caldwell/ami/src/ami/runtime/merge/run_plan_with_stats.go:21.44,21.56 1 0
github.com/sam-caldwell/ami/src/ami/runtime/merge/run_plan_with_stats.go:21.61,21.69 1 0
github.com/sam-caldwell/ami/src/ami/runtime/merge/run_plan_with_stats.go:22.13,22.19 1 0
github.com/sam-caldwell/ami/src/ami/runtime/merge/run_plan_with_stats.go:23.28,24.20 1 0
github.com/sam-caldwell/ami/src/ami/runtime/merge/run_plan_with_stats.go:24.20,25.33 1 0
github.com/sam-caldwell/ami/src/ami/runtime/merge/run_plan_with_stats.go:25.33,25.155 2 0
github.com/sam-caldwell/ami/src/ami/runtime/merge/run_plan_with_stats.go:26.17,26.21 1 0
github.com/sam-caldwell/ami/src/ami/runtime/merge/run_plan_with_stats.go:26.21,26.48 1 0
github.com/sam-caldwell/ami/src/ami/runtime/merge/run_plan_with_stats.go:26.48,26.60 1 0
github.com/sam-caldwell/ami/src/ami/runtime/merge/run_plan_with_stats.go:26.65,26.73 1 0
github.com/sam-caldwell/ami/src/ami/runtime/merge/run_plan_with_stats.go:27.17,27.23 1 0
github.com/sam-caldwell/ami/src/ami/runtime/merge/run_plan_with_stats.go:29.13,29.58 1 0
github.com/sam-caldwell/ami/src/ami/runtime/merge/run_plan_with_stats.go:29.58,29.85 1 0
github.com/sam-caldwell/ami/src/ami/runtime/merge/run_plan_with_stats.go:29.85,29.97 1 0
github.com/sam-caldwell/ami/src/ami/runtime/merge/run_plan_with_stats.go:29.99,29.113 1 0
github.com/sam-caldwell/ami/src/ami/runtime/merge/run_plan_with_stats.go:30.13,30.21 1 0
github.com/sam-caldwell/ami/src/ami/runtime/merge/run_plan_with_stats.go:31.30,33.21 2 0
github.com/sam-caldwell/ami/src/ami/runtime/merge/run_plan_with_stats.go:34.17,35.38 1 0
github.com/sam-caldwell/ami/src/ami/runtime/merge/run_plan_with_stats.go:35.38,35.50 1 0
github.com/sam-caldwell/ami/src/ami/runtime/merge/run_plan_with_stats.go:35.55,35.92 1 0
github.com/sam-caldwell/ami/src/ami/runtime/merge/runner.go:11.98,12.72 1 1
github.com/sam-caldwell/ami/src/ami/runtime/merge/runner.go:12.72,12.103 1 1
github.com/sam-caldwell/ami/src/ami/runtime/merge/set_sensitive_zeroizer.go:5.45,5.71 1 1
github.com/sam-caldwell/ami/src/ami/runtime/merge/to_key.go:3.26,4.26 1 1
github.com/sam-caldwell/ami/src/ami/runtime/merge/to_key.go:5.17,5.26 1 1
github.com/sam-caldwell/ami/src/ami/runtime/merge/to_key.go:6.14,6.36 1 1
github.com/sam-caldwell/ami/src/ami/runtime/merge/to_key.go:7.16,7.31 1 1
github.com/sam-caldwell/ami/src/ami/runtime/merge/to_key.go:8.18,8.33 1 1
github.com/sam-caldwell/ami/src/ami/runtime/merge/to_key.go:9.15,9.21 1 1
github.com/sam-caldwell/ami/src/ami/runtime/merge/to_key.go:9.21,9.38 1 1
github.com/sam-caldwell/ami/src/ami/runtime/merge/to_key.go:9.43,9.62 1 1
github.com/sam-caldwell/ami/src/ami/runtime/merge/to_key.go:10.13,10.23 1 1
github.com/sam-caldwell/ami/src/ami/runtime/merge/to_time.go:5.38,6.26 1 1
github.com/sam-caldwell/ami/src/ami/runtime/merge/to_time.go:7.20,7.35 1 1
github.com/sam-caldwell/ami/src/ami/runtime/merge/to_time.go:8.17,10.62 1 1
github.com/sam-caldwell/ami/src/ami/runtime/merge/to_time.go:10.62,10.80 1 1
github.com/sam-caldwell/ami/src/ami/runtime/merge/to_time.go:12.9,12.37 1 1
github.com/sam-caldwell/ami/src/ami/runtime/merge/to_time.go:13.13,14.37 1 0
github.com/sam-caldwell/ami/src/ami/runtime/merge/zeroize_payload.go:6.28,6.58 1 1
github.com/sam-caldwell/ami/src/ami/runtime/merge/zeroize_payload.go:6.58,6.86 1 1
github.com/sam-caldwell/ami/src/ami/runtime/exec/dsl_filter.go:6.48,7.17 1 1
github.com/sam-caldwell/ami/src/ami/runtime/exec/dsl_filter.go:8.21,9.20 1 1
github.com/sam-caldwell/ami/src/ami/runtime/exec/dsl_filter.go:10.22,12.52 1 1
github.com/sam-caldwell/ami/src/ami/runtime/exec/dsl_filter.go:12.52,13.42 1 1
github.com/sam-caldwell/ami/src/ami/runtime/exec/dsl_filter.go:13.42,13.61 1 1
github.com/sam-caldwell/ami/src/ami/runtime/exec/dsl_filter.go:14.13,14.46 1 1
github.com/sam-caldwell/ami/src/ami/runtime/exec/dsl_filter.go:14.46,14.70 1 1
github.com/sam-caldwell/ami/src/ami/runtime/exec/dsl_filter.go:16.9,16.20 1 0
github.com/sam-caldwell/ami/src/ami/runtime/exec/dsl_filter.go:17.13,18.20 1 1
github.com/sam-caldwell/ami/src/ami/runtime/exec/dsl_transform.go:5.55,6.17 1 1
github.com/sam-caldwell/ami/src/ami/runtime/exec/dsl_transform.go:7.21,8.17 1 1
github.com/sam-caldwell/ami/src/ami/runtime/exec/dsl_transform.go:9.13,11.56 1 1
github.com/sam-caldwell/ami/src/ami/runtime/exec/dsl_transform.go:11.56,13.69 2 1
github.com/sam-caldwell/ami/src/ami/runtime/exec/dsl_transform.go:13.69,13.101 2 1
github.com/sam-caldwell/ami/src/ami/runtime/exec/dsl_transform.go:15.9,15.17 1 1
github.com/sam-caldwell/ami/src/ami/runtime/exec/edges.go:12.80,15.19 3 1
github.com/sam-caldwell/ami/src/ami/runtime/exec/edges.go:15.19,15.38 1 1
github.com/sam-caldwell/ami/src/ami/runtime/exec/edges.go:16.5,17.51 2 1
github.com/sam-caldwell/ami/src/ami/runtime/exec/edges.go:17.51,17.70 1 0
github.com/sam-caldwell/ami/src/ami/runtime/exec/edges.go:19.5,21.33 3 1
github.com/sam-caldwell/ami/src/ami/runtime/exec/edges.go:21.33,22.35 1 1
github.com/sam-caldwell/ami/src/ami/runtime/exec/edges.go:22.35,22.45 1 1
github.com/sam-caldwell/ami/src/ami/runtime/exec/edges.go:23.9,24.48 3 1
github.com/sam-caldwell/ami/src/ami/runtime/exec/edges.go:27.5,31.44 4 1
github.com/sam-caldwell/ami/src/ami/runtime/exec/edges.go:31.44,32.28 1 1
github.com/sam-caldwell/ami/src/ami/runtime/exec/edges.go:32.28,32.35 1 1
github.com/sam-caldwell/ami/src/ami/runtime/exec/edges.go:33.9,34.27 2 1
github.com/sam-caldwell/ami/src/ami/runtime/exec/edges.go:34.27,34.34 1 1
github.com/sam-caldwell/ami/src/ami/runtime/exec/edges.go:35.9,38.24 2 1
github.com/sam-caldwell/ami/src/ami/runtime/exec/edges.go:38.24,38.94 3 1
github.com/sam-caldwell/ami/src/ami/runtime/exec/edges.go:38.99,38.107 1 1
github.com/sam-caldwell/ami/src/ami/runtime/exec/edges.go:40.5,40.26 1 1
github.com/sam-caldwell/ami/src/ami/runtime/exec/engine.go:20.26,20.45 1 1
github.com/sam-caldwell/ami/src/ami/runtime/exec/engine.go:20.45,20.62 1 1
github.com/sam-caldwell/ami/src/ami/runtime/exec/engine.go:24.112,25.34 1 1
github.com/sam-caldwell/ami/src/ami/runtime/exec/engine.go:25.34,25.86 1 1
github.com/sam-caldwell/ami/src/ami/runtime/exec/engine.go:26.5,28.83 3 1
github.com/sam-caldwell/ami/src/ami/runtime/exec/engine.go:28.83,28.102 1 0
github.com/sam-caldwell/ami/src/ami/runtime/exec/engine.go:30.5,30.14 1 1
github.com/sam-caldwell/ami/src/ami/runtime/exec/engine.go:30.14,34.6 3 1
github.com/sam-caldwell/ami/src/ami/runtime/exec/engine.go:35.5,35.20 1 1
github.com/sam-caldwell/ami/src/ami/runtime/exec/engine.go:39.136,40.34 1 1
github.com/sam-caldwell/ami/src/ami/runtime/exec/engine.go:40.34,40.91 1 0
github.com/sam-caldwell/ami/src/ami/runtime/exec/engine.go:41.5,45.74 4 1
github.com/sam-caldwell/ami/src/ami/runtime/exec/engine.go:45.74,45.122 1 1
github.com/sam-caldwell/ami/src/ami/runtime/exec/engine.go:46.5,46.47 1 1
github.com/sam-caldwell/ami/src/ami/runtime/exec/engine.go:46.47,46.71 1 0
github.com/sam-caldwell/ami/src/ami/runtime/exec/engine.go:47.5,47.14 1 1
github.com/sam-caldwell/ami/src/ami/runtime/exec/engine.go:47.14,47.76 3 1
github.com/sam-caldwell/ami/src/ami/runtime/exec/engine.go:48.5,48.25 1 1
github.com/sam-caldwell/ami/src/ami/runtime/exec/err_sandbox_denied.go:6.42,6.90 1 1
github.com/sam-caldwell/ami/src/ami/runtime/exec/new_engine_from_module.go:9.56,11.25 2 1
github.com/sam-caldwell/ami/src/ami/runtime/exec/new_engine_from_module.go:11.25,11.49 1 1
github.com/sam-caldwell/ami/src/ami/runtime/exec/new_engine_from_module.go:12.5,13.21 2 1
github.com/sam-caldwell/ami/src/ami/runtime/exec/new_engine_from_module.go:13.21,13.36 1 1
github.com/sam-caldwell/ami/src/ami/runtime/exec/new_engine_from_module.go:14.5,15.19 2 1
github.com/sam-caldwell/ami/src/ami/runtime/exec/new_engine_from_module.go:15.19,15.38 1 0
github.com/sam-caldwell/ami/src/ami/runtime/exec/new_engine_from_module.go:16.5,16.33 1 1
github.com/sam-caldwell/ami/src/ami/runtime/exec/pipeline.go:16.126,19.24 2 1
github.com/sam-caldwell/ami/src/ami/runtime/exec/pipeline.go:19.24,20.107 1 1
github.com/sam-caldwell/ami/src/ami/runtime/exec/pipeline.go:20.107,23.40 2 1
github.com/sam-caldwell/ami/src/ami/runtime/exec/pipeline.go:23.40,24.29 1 1
github.com/sam-caldwell/ami/src/ami/runtime/exec/pipeline.go:25.32,25.32 0 1
github.com/sam-caldwell/ami/src/ami/runtime/exec/pipeline.go:27.31,27.31 0 1
github.com/sam-caldwell/ami/src/ami/runtime/exec/pipeline.go:29.32,32.51 2 1
github.com/sam-caldwell/ami/src/ami/runtime/exec/pipeline.go:32.51,32.75 1 1
github.com/sam-caldwell/ami/src/ami/runtime/exec/pipeline.go:32.75,32.105 1 1
github.com/sam-caldwell/ami/src/ami/runtime/exec/pipeline.go:32.105,32.125 1 1
github.com/sam-caldwell/ami/src/ami/runtime/exec/pipeline.go:32.125,32.146 2 1
github.com/sam-caldwell/ami/src/ami/runtime/exec/pipeline.go:33.21,33.34 1 1
github.com/sam-caldwell/ami/src/ami/runtime/exec/pipeline.go:33.34,35.76 2 1
github.com/sam-caldwell/ami/src/ami/runtime/exec/pipeline.go:35.76,35.98 1 1
github.com/sam-caldwell/ami/src/ami/runtime/exec/pipeline.go:35.98,35.111 1 1
github.com/sam-caldwell/ami/src/ami/runtime/exec/pipeline.go:35.113,35.124 1 0
github.com/sam-caldwell/ami/src/ami/runtime/exec/pipeline.go:36.25,36.76 2 1
github.com/sam-caldwell/ami/src/ami/runtime/exec/pipeline.go:36.76,36.95 1 0
github.com/sam-caldwell/ami/src/ami/runtime/exec/pipeline.go:37.25,37.33 1 1
github.com/sam-caldwell/ami/src/ami/runtime/exec/pipeline.go:39.25,42.72 2 1
github.com/sam-caldwell/ami/src/ami/runtime/exec/pipeline.go:42.72,42.94 1 1
github.com/sam-caldwell/ami/src/ami/runtime/exec/pipeline.go:42.94,42.107 1 1
github.com/sam-caldwell/ami/src/ami/runtime/exec/pipeline.go:42.109,42.120 1 0
github.com/sam-caldwell/ami/src/ami/runtime/exec/pipeline.go:43.21,43.29 1 1
github.com/sam-caldwell/ami/src/ami/runtime/exec/pipeline.go:46.13,46.28 1 1
github.com/sam-caldwell/ami/src/ami/runtime/exec/pipeline.go:50.5,51.35 2 0
github.com/sam-caldwell/ami/src/ami/runtime/exec/pipeline.go:51.35,52.31 1 0
github.com/sam-caldwell/ami/src/ami/runtime/exec/pipeline.go:52.31,52.41 1 0
github.com/sam-caldwell/ami/src/ami/runtime/exec/pipeline.go:53.9,53.37 1 0
github.com/sam-caldwell/ami/src/ami/runtime/exec/pipeline.go:53.37,54.31 1 0
github.com/sam-caldwell/ami/src/ami/runtime/exec/pipeline.go:54.31,54.41 1 0
github.com/sam-caldwell/ami/src/ami/runtime/exec/pipeline.go:55.13,56.64 2 0
github.com/sam-caldwell/ami/src/ami/runtime/exec/pipeline.go:56.64,56.86 1 0
github.com/sam-caldwell/ami/src/ami/runtime/exec/pipeline.go:56.86,56.99 1 0
github.com/sam-caldwell/ami/src/ami/runtime/exec/pipeline.go:56.101,56.112 1 0
github.com/sam-caldwell/ami/src/ami/runtime/exec/pipeline.go:57.13,58.27 2 0
github.com/sam-caldwell/ami/src/ami/runtime/exec/pipeline.go:58.27,58.46 1 0
github.com/sam-caldwell/ami/src/ami/runtime/exec/pipeline.go:59.13,59.21 1 0
github.com/sam-caldwell/ami/src/ami/runtime/exec/pipeline.go:61.9,61.24 1 0
github.com/sam-caldwell/ami/src/ami/runtime/exec/pipeline.go:63.5,63.20 1 0
github.com/sam-caldwell/ami/src/ami/runtime/exec/pipeline.go:68.242,70.58 2 1
github.com/sam-caldwell/ami/src/ami/runtime/exec/pipeline.go:70.58,70.75 1 1
github.com/sam-caldwell/ami/src/ami/runtime/exec/pipeline.go:70.75,70.93 1 1
github.com/sam-caldwell/ami/src/ami/runtime/exec/pipeline.go:70.95,70.141 1 1
github.com/sam-caldwell/ami/src/ami/runtime/exec/pipeline.go:71.5,77.86 5 1
github.com/sam-caldwell/ami/src/ami/runtime/exec/pipeline.go:77.86,80.18 3 1
github.com/sam-caldwell/ami/src/ami/runtime/exec/pipeline.go:80.18,81.33 1 1
github.com/sam-caldwell/ami/src/ami/runtime/exec/pipeline.go:81.33,84.62 2 1
github.com/sam-caldwell/ami/src/ami/runtime/exec/pipeline.go:84.62,84.86 2 0
github.com/sam-caldwell/ami/src/ami/runtime/exec/pipeline.go:85.17,86.40 3 1
github.com/sam-caldwell/ami/src/ami/runtime/exec/pipeline.go:88.13,89.83 2 0
github.com/sam-caldwell/ami/src/ami/runtime/exec/pipeline.go:91.9,91.20 1 1
github.com/sam-caldwell/ami/src/ami/runtime/exec/pipeline.go:93.5,93.62 1 1
github.com/sam-caldwell/ami/src/ami/runtime/exec/pipeline.go:93.62,96.18 3 1
github.com/sam-caldwell/ami/src/ami/runtime/exec/pipeline.go:96.18,96.40 1 1
github.com/sam-caldwell/ami/src/ami/runtime/exec/pipeline.go:96.40,96.82 3 1
github.com/sam-caldwell/ami/src/ami/runtime/exec/pipeline.go:96.84,96.165 2 0
github.com/sam-caldwell/ami/src/ami/runtime/exec/pipeline.go:97.9,97.20 1 1
github.com/sam-caldwell/ami/src/ami/runtime/exec/pipeline.go:99.5,99.61 1 1
github.com/sam-caldwell/ami/src/ami/runtime/exec/pipeline.go:99.61,102.18 3 1
github.com/sam-caldwell/ami/src/ami/runtime/exec/pipeline.go:102.18,102.40 1 1
github.com/sam-caldwell/ami/src/ami/runtime/exec/pipeline.go:102.40,102.82 3 1
github.com/sam-caldwell/ami/src/ami/runtime/exec/pipeline.go:102.84,102.180 3 1
github.com/sam-caldwell/ami/src/ami/runtime/exec/pipeline.go:103.9,103.20 1 1
github.com/sam-caldwell/ami/src/ami/runtime/exec/pipeline.go:106.5,106.24 1 1
github.com/sam-caldwell/ami/src/ami/runtime/exec/pipeline.go:106.24,107.107 1 1
github.com/sam-caldwell/ami/src/ami/runtime/exec/pipeline.go:107.107,111.37 3 1
github.com/sam-caldwell/ami/src/ami/runtime/exec/pipeline.go:111.37,111.55 1 1
github.com/sam-caldwell/ami/src/ami/runtime/exec/pipeline.go:111.55,111.79 2 0
github.com/sam-caldwell/ami/src/ami/runtime/exec/pipeline.go:113.13,113.25 1 1
github.com/sam-caldwell/ami/src/ami/runtime/exec/pipeline.go:113.25,114.76 1 0
github.com/sam-caldwell/ami/src/ami/runtime/exec/pipeline.go:114.76,114.100 1 0
github.com/sam-caldwell/ami/src/ami/runtime/exec/pipeline.go:115.17,117.26 3 0
github.com/sam-caldwell/ami/src/ami/runtime/exec/pipeline.go:117.26,122.25 4 0
github.com/sam-caldwell/ami/src/ami/runtime/exec/pipeline.go:122.25,123.72 1 0
github.com/sam-caldwell/ami/src/ami/runtime/exec/pipeline.go:123.72,123.79 1 0
github.com/sam-caldwell/ami/src/ami/runtime/exec/pipeline.go:124.25,124.32 1 0
github.com/sam-caldwell/ami/src/ami/runtime/exec/pipeline.go:125.43,126.34 1 0
github.com/sam-caldwell/ami/src/ami/runtime/exec/pipeline.go:127.42,131.32 4 0
github.com/sam-caldwell/ami/src/ami/runtime/exec/pipeline.go:134.21,134.98 2 0
github.com/sam-caldwell/ami/src/ami/runtime/exec/pipeline.go:136.17,136.25 1 0
github.com/sam-caldwell/ami/src/ami/runtime/exec/pipeline.go:137.19,139.14 1 1
github.com/sam-caldwell/ami/src/ami/runtime/exec/pipeline.go:140.13,141.40 3 1
github.com/sam-caldwell/ami/src/ami/runtime/exec/pipeline.go:141.40,142.29 1 1
github.com/sam-caldwell/ami/src/ami/runtime/exec/pipeline.go:143.32,143.32 0 1
github.com/sam-caldwell/ami/src/ami/runtime/exec/pipeline.go:145.31,145.31 0 1
github.com/sam-caldwell/ami/src/ami/runtime/exec/pipeline.go:147.32,149.51 2 1
github.com/sam-caldwell/ami/src/ami/runtime/exec/pipeline.go:149.51,149.75 1 1
github.com/sam-caldwell/ami/src/ami/runtime/exec/pipeline.go:149.75,149.105 1 1
github.com/sam-caldwell/ami/src/ami/runtime/exec/pipeline.go:149.105,149.125 1 1
github.com/sam-caldwell/ami/src/ami/runtime/exec/pipeline.go:149.125,149.146 2 1
github.com/sam-caldwell/ami/src/ami/runtime/exec/pipeline.go:150.21,150.34 1 1
github.com/sam-caldwell/ami/src/ami/runtime/exec/pipeline.go:150.34,152.76 2 1
github.com/sam-caldwell/ami/src/ami/runtime/exec/pipeline.go:152.76,152.98 1 1
github.com/sam-caldwell/ami/src/ami/runtime/exec/pipeline.go:152.98,152.111 1 1
github.com/sam-caldwell/ami/src/ami/runtime/exec/pipeline.go:152.113,152.124 1 0
github.com/sam-caldwell/ami/src/ami/runtime/exec/pipeline.go:153.25,154.39 2 1
github.com/sam-caldwell/ami/src/ami/runtime/exec/pipeline.go:154.39,154.63 1 0
github.com/sam-caldwell/ami/src/ami/runtime/exec/pipeline.go:155.25,155.59 1 1
github.com/sam-caldwell/ami/src/ami/runtime/exec/pipeline.go:155.59,155.148 2 1
github.com/sam-caldwell/ami/src/ami/runtime/exec/pipeline.go:156.25,157.33 2 1
github.com/sam-caldwell/ami/src/ami/runtime/exec/pipeline.go:159.25,161.27 2 1
github.com/sam-caldwell/ami/src/ami/runtime/exec/pipeline.go:165.13,166.38 2 1
github.com/sam-caldwell/ami/src/ami/runtime/exec/pipeline.go:170.5,174.35 4 0
github.com/sam-caldwell/ami/src/ami/runtime/exec/pipeline.go:174.35,175.31 1 0
github.com/sam-caldwell/ami/src/ami/runtime/exec/pipeline.go:175.31,175.41 1 0
github.com/sam-caldwell/ami/src/ami/runtime/exec/pipeline.go:176.9,176.37 1 0
github.com/sam-caldwell/ami/src/ami/runtime/exec/pipeline.go:176.37,177.31 1 0
github.com/sam-caldwell/ami/src/ami/runtime/exec/pipeline.go:177.31,177.41 1 0
github.com/sam-caldwell/ami/src/ami/runtime/exec/pipeline.go:178.13,179.64 2 0
github.com/sam-caldwell/ami/src/ami/runtime/exec/pipeline.go:179.64,179.86 1 0
github.com/sam-caldwell/ami/src/ami/runtime/exec/pipeline.go:179.86,179.99 1 0
github.com/sam-caldwell/ami/src/ami/runtime/exec/pipeline.go:179.101,179.112 1 0
github.com/sam-caldwell/ami/src/ami/runtime/exec/pipeline.go:180.13,181.27 2 0
github.com/sam-caldwell/ami/src/ami/runtime/exec/pipeline.go:181.27,181.51 1 0
github.com/sam-caldwell/ami/src/ami/runtime/exec/pipeline.go:182.13,182.47 1 0
github.com/sam-caldwell/ami/src/ami/runtime/exec/pipeline.go:182.47,182.136 2 0
github.com/sam-caldwell/ami/src/ami/runtime/exec/pipeline.go:183.13,184.21 2 0
github.com/sam-caldwell/ami/src/ami/runtime/exec/pipeline.go:186.9,187.34 2 0
github.com/sam-caldwell/ami/src/ami/runtime/exec/pipeline.go:190.5,191.14 2 0
github.com/sam-caldwell/ami/src/ami/runtime/exec/pipeline.go:191.14,191.127 3 0
github.com/sam-caldwell/ami/src/ami/runtime/exec/pipeline.go:192.5,192.30 1 0
github.com/sam-caldwell/ami/src/ami/runtime/exec/pipeline.go:195.141,197.19 2 1
github.com/sam-caldwell/ami/src/ami/runtime/exec/pipeline.go:197.19,197.43 1 0
github.com/sam-caldwell/ami/src/ami/runtime/exec/pipeline.go:198.5,199.23 2 1
github.com/sam-caldwell/ami/src/ami/runtime/exec/sandbox_check.go:3.54,4.22 1 0
github.com/sam-caldwell/ami/src/ami/runtime/exec/sandbox_check.go:4.22,4.59 1 0
github.com/sam-caldwell/ami/src/ami/runtime/exec/sandbox_check.go:5.5,5.15 1 0
github.com/sam-caldwell/ami/src/ami/runtime/exec/sandbox_policy.go:11.47,12.16 1 0
github.com/sam-caldwell/ami/src/ami/runtime/exec/sandbox_policy.go:13.15,14.25 1 0
github.com/sam-caldwell/ami/src/ami/runtime/exec/sandbox_policy.go:15.16,16.26 1 0
github.com/sam-caldwell/ami/src/ami/runtime/exec/sandbox_policy.go:17.19,18.29 1 0
github.com/sam-caldwell/ami/src/ami/runtime/exec/sandbox_policy.go:19.13,20.20 1 0
github.com/sam-caldwell/ami/src/ami/runtime/exec/time_conv.go:9.42,13.2 3 0
github.com/sam-caldwell/ami/src/ami/runtime/exec/to_runtime_plan.go:9.48,12.30 3 1
github.com/sam-caldwell/ami/src/ami/runtime/exec/to_runtime_plan.go:12.30,12.107 1 1
github.com/sam-caldwell/ami/src/ami/runtime/exec/to_runtime_plan.go:13.5,20.27 8 1
github.com/sam-caldwell/ami/src/ami/runtime/exec/to_runtime_plan.go:20.27,20.60 1 0
github.com/sam-caldwell/ami/src/ami/runtime/exec/to_runtime_plan.go:21.5,21.27 1 1
github.com/sam-caldwell/ami/src/ami/runtime/exec/to_runtime_plan.go:21.27,21.125 1 0
github.com/sam-caldwell/ami/src/ami/runtime/exec/to_runtime_plan.go:22.5,22.14 1 1
