mode: set
github.com/sam-caldwell/ami/src/ami/compiler/sem/ambiguous.go:13.50,15.17 2 1
github.com/sam-caldwell/ami/src/ami/compiler/sem/ambiguous.go:15.17,15.31 1 0
github.com/sam-caldwell/ami/src/ami/compiler/sem/ambiguous.go:16.5,18.31 2 1
github.com/sam-caldwell/ami/src/ami/compiler/sem/ambiguous.go:18.31,20.34 2 1
github.com/sam-caldwell/ami/src/ami/compiler/sem/ambiguous.go:20.34,20.44 1 0
github.com/sam-caldwell/ami/src/ami/compiler/sem/ambiguous.go:21.9,21.41 1 1
github.com/sam-caldwell/ami/src/ami/compiler/sem/ambiguous.go:21.41,22.34 1 1
github.com/sam-caldwell/ami/src/ami/compiler/sem/ambiguous.go:23.31,24.34 1 1
github.com/sam-caldwell/ami/src/ami/compiler/sem/ambiguous.go:24.34,24.88 1 1
github.com/sam-caldwell/ami/src/ami/compiler/sem/ambiguous.go:25.34,26.35 1 0
github.com/sam-caldwell/ami/src/ami/compiler/sem/ambiguous.go:26.35,26.90 1 0
github.com/sam-caldwell/ami/src/ami/compiler/sem/ambiguous.go:27.34,28.45 1 0
github.com/sam-caldwell/ami/src/ami/compiler/sem/ambiguous.go:28.45,28.94 1 0
github.com/sam-caldwell/ami/src/ami/compiler/sem/ambiguous.go:29.32,30.31 1 0
github.com/sam-caldwell/ami/src/ami/compiler/sem/ambiguous.go:30.31,30.82 1 0
github.com/sam-caldwell/ami/src/ami/compiler/sem/ambiguous.go:34.5,34.15 1 1
github.com/sam-caldwell/ami/src/ami/compiler/sem/ambiguous.go:37.63,39.26 2 1
github.com/sam-caldwell/ami/src/ami/compiler/sem/ambiguous.go:40.24,41.52 1 1
github.com/sam-caldwell/ami/src/ami/compiler/sem/ambiguous.go:41.52,42.34 1 1
github.com/sam-caldwell/ami/src/ami/compiler/sem/ambiguous.go:42.34,44.14 1 1
github.com/sam-caldwell/ami/src/ami/compiler/sem/ambiguous.go:46.22,47.52 1 1
github.com/sam-caldwell/ami/src/ami/compiler/sem/ambiguous.go:47.52,48.34 1 1
github.com/sam-caldwell/ami/src/ami/compiler/sem/ambiguous.go:48.34,50.14 1 1
github.com/sam-caldwell/ami/src/ami/compiler/sem/ambiguous.go:52.22,53.95 1 1
github.com/sam-caldwell/ami/src/ami/compiler/sem/ambiguous.go:53.95,54.34 1 1
github.com/sam-caldwell/ami/src/ami/compiler/sem/ambiguous.go:54.34,56.14 1 1
github.com/sam-caldwell/ami/src/ami/compiler/sem/ambiguous.go:58.26,60.56 2 0
github.com/sam-caldwell/ami/src/ami/compiler/sem/ambiguous.go:61.24,62.34 1 0
github.com/sam-caldwell/ami/src/ami/compiler/sem/ambiguous.go:62.34,62.83 1 0
github.com/sam-caldwell/ami/src/ami/compiler/sem/ambiguous.go:64.5,64.15 1 1
github.com/sam-caldwell/ami/src/ami/compiler/sem/calls.go:15.46,17.17 2 1
github.com/sam-caldwell/ami/src/ami/compiler/sem/calls.go:17.17,17.31 1 0
github.com/sam-caldwell/ami/src/ami/compiler/sem/calls.go:18.5,21.31 3 1
github.com/sam-caldwell/ami/src/ami/compiler/sem/calls.go:21.31,22.44 1 1
github.com/sam-caldwell/ami/src/ami/compiler/sem/calls.go:22.44,26.41 4 1
github.com/sam-caldwell/ami/src/ami/compiler/sem/calls.go:26.41,26.101 2 1
github.com/sam-caldwell/ami/src/ami/compiler/sem/calls.go:27.13,27.42 1 1
github.com/sam-caldwell/ami/src/ami/compiler/sem/calls.go:27.42,27.69 1 1
github.com/sam-caldwell/ami/src/ami/compiler/sem/calls.go:28.13,28.78 1 1
github.com/sam-caldwell/ami/src/ami/compiler/sem/calls.go:32.5,32.31 1 1
github.com/sam-caldwell/ami/src/ami/compiler/sem/calls.go:32.31,34.34 2 1
github.com/sam-caldwell/ami/src/ami/compiler/sem/calls.go:34.34,34.44 1 0
github.com/sam-caldwell/ami/src/ami/compiler/sem/calls.go:36.9,37.37 2 1
github.com/sam-caldwell/ami/src/ami/compiler/sem/calls.go:37.37,37.71 1 1
github.com/sam-caldwell/ami/src/ami/compiler/sem/calls.go:37.71,37.96 1 1
github.com/sam-caldwell/ami/src/ami/compiler/sem/calls.go:38.9,38.42 1 1
github.com/sam-caldwell/ami/src/ami/compiler/sem/calls.go:38.42,39.35 1 1
github.com/sam-caldwell/ami/src/ami/compiler/sem/calls.go:40.31,41.33 1 1
github.com/sam-caldwell/ami/src/ami/compiler/sem/calls.go:41.33,42.37 1 1
github.com/sam-caldwell/ami/src/ami/compiler/sem/calls.go:42.37,42.62 1 1
github.com/sam-caldwell/ami/src/ami/compiler/sem/calls.go:42.67,42.85 1 0
github.com/sam-caldwell/ami/src/ami/compiler/sem/calls.go:42.85,43.75 1 0
github.com/sam-caldwell/ami/src/ami/compiler/sem/calls.go:43.75,43.95 1 0
github.com/sam-caldwell/ami/src/ami/compiler/sem/calls.go:46.34,47.51 1 0
github.com/sam-caldwell/ami/src/ami/compiler/sem/calls.go:47.51,48.72 1 0
github.com/sam-caldwell/ami/src/ami/compiler/sem/calls.go:48.72,48.92 1 0
github.com/sam-caldwell/ami/src/ami/compiler/sem/calls.go:53.9,53.42 1 1
github.com/sam-caldwell/ami/src/ami/compiler/sem/calls.go:53.42,54.35 1 1
github.com/sam-caldwell/ami/src/ami/compiler/sem/calls.go:55.32,56.54 1 1
github.com/sam-caldwell/ami/src/ami/compiler/sem/calls.go:56.54,56.111 1 1
github.com/sam-caldwell/ami/src/ami/compiler/sem/calls.go:57.33,58.34 1 0
github.com/sam-caldwell/ami/src/ami/compiler/sem/calls.go:58.34,58.95 1 0
github.com/sam-caldwell/ami/src/ami/compiler/sem/calls.go:59.34,60.45 1 1
github.com/sam-caldwell/ami/src/ami/compiler/sem/calls.go:60.45,61.56 1 1
github.com/sam-caldwell/ami/src/ami/compiler/sem/calls.go:61.56,61.113 1 0
github.com/sam-caldwell/ami/src/ami/compiler/sem/calls.go:66.5,66.15 1 1
github.com/sam-caldwell/ami/src/ami/compiler/sem/calls.go:69.108,71.17 2 1
github.com/sam-caldwell/ami/src/ami/compiler/sem/calls.go:71.17,71.31 1 0
github.com/sam-caldwell/ami/src/ami/compiler/sem/calls.go:72.5,73.12 2 1
github.com/sam-caldwell/ami/src/ami/compiler/sem/calls.go:73.12,73.26 1 0
github.com/sam-caldwell/ami/src/ami/compiler/sem/calls.go:75.5,75.37 1 1
github.com/sam-caldwell/ami/src/ami/compiler/sem/calls.go:75.37,78.6 2 1
github.com/sam-caldwell/ami/src/ami/compiler/sem/calls.go:80.5,80.30 1 1
github.com/sam-caldwell/ami/src/ami/compiler/sem/calls.go:80.30,83.51 3 1
github.com/sam-caldwell/ami/src/ami/compiler/sem/calls.go:83.51,83.61 1 0
github.com/sam-caldwell/ami/src/ami/compiler/sem/calls.go:84.9,84.21 1 1
github.com/sam-caldwell/ami/src/ami/compiler/sem/calls.go:84.21,88.63 4 1
github.com/sam-caldwell/ami/src/ami/compiler/sem/calls.go:88.63,88.102 1 1
github.com/sam-caldwell/ami/src/ami/compiler/sem/calls.go:89.13,89.209 1 1
github.com/sam-caldwell/ami/src/ami/compiler/sem/calls.go:92.5,92.15 1 1
github.com/sam-caldwell/ami/src/ami/compiler/sem/calls.go:95.71,96.26 1 1
github.com/sam-caldwell/ami/src/ami/compiler/sem/calls.go:97.25,98.49 1 1
github.com/sam-caldwell/ami/src/ami/compiler/sem/calls.go:98.49,98.61 1 1
github.com/sam-caldwell/ami/src/ami/compiler/sem/calls.go:99.9,99.21 1 0
github.com/sam-caldwell/ami/src/ami/compiler/sem/calls.go:100.25,101.24 1 1
github.com/sam-caldwell/ami/src/ami/compiler/sem/calls.go:102.25,103.21 1 1
github.com/sam-caldwell/ami/src/ami/compiler/sem/calls.go:104.50,105.29 1 0
github.com/sam-caldwell/ami/src/ami/compiler/sem/calls.go:106.24,108.21 1 0
github.com/sam-caldwell/ami/src/ami/compiler/sem/calls.go:109.13,110.21 1 0
github.com/sam-caldwell/ami/src/ami/compiler/sem/calls_with_sigs.go:12.111,14.17 2 1
github.com/sam-caldwell/ami/src/ami/compiler/sem/calls_with_sigs.go:14.17,14.31 1 0
github.com/sam-caldwell/ami/src/ami/compiler/sem/calls_with_sigs.go:15.5,17.31 2 1
github.com/sam-caldwell/ami/src/ami/compiler/sem/calls_with_sigs.go:17.31,19.34 2 1
github.com/sam-caldwell/ami/src/ami/compiler/sem/calls_with_sigs.go:19.34,19.44 1 0
github.com/sam-caldwell/ami/src/ami/compiler/sem/calls_with_sigs.go:21.9,22.42 2 1
github.com/sam-caldwell/ami/src/ami/compiler/sem/calls_with_sigs.go:22.42,23.35 1 1
github.com/sam-caldwell/ami/src/ami/compiler/sem/calls_with_sigs.go:24.32,25.54 1 1
github.com/sam-caldwell/ami/src/ami/compiler/sem/calls_with_sigs.go:25.54,27.18 1 1
github.com/sam-caldwell/ami/src/ami/compiler/sem/calls_with_sigs.go:28.33,29.34 1 0
github.com/sam-caldwell/ami/src/ami/compiler/sem/calls_with_sigs.go:29.34,29.103 1 0
github.com/sam-caldwell/ami/src/ami/compiler/sem/calls_with_sigs.go:30.34,31.45 1 0
github.com/sam-caldwell/ami/src/ami/compiler/sem/calls_with_sigs.go:31.45,31.82 1 0
github.com/sam-caldwell/ami/src/ami/compiler/sem/calls_with_sigs.go:31.82,31.147 1 0
github.com/sam-caldwell/ami/src/ami/compiler/sem/calls_with_sigs.go:35.5,35.15 1 1
github.com/sam-caldwell/ami/src/ami/compiler/sem/calls_with_sigs.go:38.122,40.17 2 1
github.com/sam-caldwell/ami/src/ami/compiler/sem/calls_with_sigs.go:40.17,40.31 1 0
github.com/sam-caldwell/ami/src/ami/compiler/sem/calls_with_sigs.go:41.5,42.12 2 1
github.com/sam-caldwell/ami/src/ami/compiler/sem/calls_with_sigs.go:42.12,42.26 1 0
github.com/sam-caldwell/ami/src/ami/compiler/sem/calls_with_sigs.go:43.5,43.33 1 1
github.com/sam-caldwell/ami/src/ami/compiler/sem/calls_with_sigs.go:43.33,46.6 2 0
github.com/sam-caldwell/ami/src/ami/compiler/sem/calls_with_sigs.go:47.5,47.30 1 1
github.com/sam-caldwell/ami/src/ami/compiler/sem/calls_with_sigs.go:47.30,50.51 3 1
github.com/sam-caldwell/ami/src/ami/compiler/sem/calls_with_sigs.go:50.51,50.61 1 0
github.com/sam-caldwell/ami/src/ami/compiler/sem/calls_with_sigs.go:51.9,51.21 1 1
github.com/sam-caldwell/ami/src/ami/compiler/sem/calls_with_sigs.go:51.21,55.10 3 0
github.com/sam-caldwell/ami/src/ami/compiler/sem/calls_with_sigs.go:57.5,57.15 1 1
github.com/sam-caldwell/ami/src/ami/compiler/sem/compat.go:10.52,11.79 1 1
github.com/sam-caldwell/ami/src/ami/compiler/sem/compat.go:11.79,11.94 1 0
github.com/sam-caldwell/ami/src/ami/compiler/sem/compat.go:12.5,12.27 1 1
github.com/sam-caldwell/ami/src/ami/compiler/sem/compat.go:12.27,12.42 1 1
github.com/sam-caldwell/ami/src/ami/compiler/sem/compat.go:14.5,14.85 1 1
github.com/sam-caldwell/ami/src/ami/compiler/sem/compat.go:14.85,17.43 3 1
github.com/sam-caldwell/ami/src/ami/compiler/sem/compat.go:17.43,17.58 1 1
github.com/sam-caldwell/ami/src/ami/compiler/sem/compat.go:18.9,18.24 1 1
github.com/sam-caldwell/ami/src/ami/compiler/sem/compat.go:20.5,20.85 1 1
github.com/sam-caldwell/ami/src/ami/compiler/sem/compat.go:20.85,23.43 3 0
github.com/sam-caldwell/ami/src/ami/compiler/sem/compat.go:23.43,23.58 1 0
github.com/sam-caldwell/ami/src/ami/compiler/sem/compat.go:24.9,24.24 1 0
github.com/sam-caldwell/ami/src/ami/compiler/sem/compat.go:27.5,27.85 1 1
github.com/sam-caldwell/ami/src/ami/compiler/sem/compat.go:27.85,29.6 1 0
github.com/sam-caldwell/ami/src/ami/compiler/sem/compat.go:30.5,30.81 1 1
github.com/sam-caldwell/ami/src/ami/compiler/sem/compat.go:30.81,32.6 1 0
github.com/sam-caldwell/ami/src/ami/compiler/sem/compat.go:34.5,34.81 1 1
github.com/sam-caldwell/ami/src/ami/compiler/sem/compat.go:34.81,38.6 3 0
github.com/sam-caldwell/ami/src/ami/compiler/sem/compat.go:39.5,39.17 1 1
github.com/sam-caldwell/ami/src/ami/compiler/sem/compat.go:42.39,45.39 3 0
github.com/sam-caldwell/ami/src/ami/compiler/sem/compat.go:45.39,45.54 1 0
github.com/sam-caldwell/ami/src/ami/compiler/sem/compat.go:46.5,46.35 1 0
github.com/sam-caldwell/ami/src/ami/compiler/sem/compat.go:49.36,53.24 3 1
github.com/sam-caldwell/ami/src/ami/compiler/sem/compat.go:53.24,53.36 1 0
github.com/sam-caldwell/ami/src/ami/compiler/sem/compat.go:54.5,54.22 1 1
github.com/sam-caldwell/ami/src/ami/compiler/sem/compat.go:57.40,61.14 3 0
github.com/sam-caldwell/ami/src/ami/compiler/sem/compat.go:61.14,61.31 1 0
github.com/sam-caldwell/ami/src/ami/compiler/sem/compat.go:62.5,62.66 1 0
github.com/sam-caldwell/ami/src/ami/compiler/sem/compat.go:65.31,66.30 1 1
github.com/sam-caldwell/ami/src/ami/compiler/sem/compat.go:66.30,66.45 1 0
github.com/sam-caldwell/ami/src/ami/compiler/sem/compat.go:68.5,68.53 1 1
github.com/sam-caldwell/ami/src/ami/compiler/sem/container_types.go:14.55,16.17 2 1
github.com/sam-caldwell/ami/src/ami/compiler/sem/container_types.go:16.17,16.31 1 0
github.com/sam-caldwell/ami/src/ami/compiler/sem/container_types.go:17.5,19.31 2 1
github.com/sam-caldwell/ami/src/ami/compiler/sem/container_types.go:19.31,21.34 2 1
github.com/sam-caldwell/ami/src/ami/compiler/sem/container_types.go:21.34,21.44 1 0
github.com/sam-caldwell/ami/src/ami/compiler/sem/container_types.go:22.9,22.41 1 1
github.com/sam-caldwell/ami/src/ami/compiler/sem/container_types.go:22.41,23.34 1 1
github.com/sam-caldwell/ami/src/ami/compiler/sem/container_types.go:24.31,25.34 1 1
github.com/sam-caldwell/ami/src/ami/compiler/sem/container_types.go:25.34,25.44 1 1
github.com/sam-caldwell/ami/src/ami/compiler/sem/container_types.go:26.17,26.70 1 0
github.com/sam-caldwell/ami/src/ami/compiler/sem/container_types.go:27.34,28.35 1 1
github.com/sam-caldwell/ami/src/ami/compiler/sem/container_types.go:28.35,28.45 1 0
github.com/sam-caldwell/ami/src/ami/compiler/sem/container_types.go:29.17,29.71 1 1
github.com/sam-caldwell/ami/src/ami/compiler/sem/container_types.go:33.5,33.15 1 1
github.com/sam-caldwell/ami/src/ami/compiler/sem/container_types.go:36.66,38.26 2 1
github.com/sam-caldwell/ami/src/ami/compiler/sem/container_types.go:39.24,41.36 2 1
github.com/sam-caldwell/ami/src/ami/compiler/sem/container_types.go:41.36,43.41 2 1
github.com/sam-caldwell/ami/src/ami/compiler/sem/container_types.go:43.41,43.53 1 1
github.com/sam-caldwell/ami/src/ami/compiler/sem/container_types.go:44.13,44.54 1 1
github.com/sam-caldwell/ami/src/ami/compiler/sem/container_types.go:44.54,47.14 2 1
github.com/sam-caldwell/ami/src/ami/compiler/sem/container_types.go:50.9,50.65 1 1
github.com/sam-caldwell/ami/src/ami/compiler/sem/container_types.go:50.65,52.10 1 0
github.com/sam-caldwell/ami/src/ami/compiler/sem/container_types.go:53.22,55.36 2 0
github.com/sam-caldwell/ami/src/ami/compiler/sem/container_types.go:55.36,57.41 2 0
github.com/sam-caldwell/ami/src/ami/compiler/sem/container_types.go:57.41,57.53 1 0
github.com/sam-caldwell/ami/src/ami/compiler/sem/container_types.go:58.13,58.54 1 0
github.com/sam-caldwell/ami/src/ami/compiler/sem/container_types.go:58.54,61.14 2 0
github.com/sam-caldwell/ami/src/ami/compiler/sem/container_types.go:63.9,63.65 1 0
github.com/sam-caldwell/ami/src/ami/compiler/sem/container_types.go:63.65,65.10 1 0
github.com/sam-caldwell/ami/src/ami/compiler/sem/container_types.go:66.22,69.36 3 1
github.com/sam-caldwell/ami/src/ami/compiler/sem/container_types.go:69.36,72.43 3 1
github.com/sam-caldwell/ami/src/ami/compiler/sem/container_types.go:72.43,72.57 1 1
github.com/sam-caldwell/ami/src/ami/compiler/sem/container_types.go:73.13,73.43 1 1
github.com/sam-caldwell/ami/src/ami/compiler/sem/container_types.go:73.43,73.57 1 1
github.com/sam-caldwell/ami/src/ami/compiler/sem/container_types.go:74.13,74.58 1 1
github.com/sam-caldwell/ami/src/ami/compiler/sem/container_types.go:74.58,77.14 2 1
github.com/sam-caldwell/ami/src/ami/compiler/sem/container_types.go:78.13,78.58 1 1
github.com/sam-caldwell/ami/src/ami/compiler/sem/container_types.go:78.58,81.14 2 0
github.com/sam-caldwell/ami/src/ami/compiler/sem/container_types.go:83.9,83.65 1 1
github.com/sam-caldwell/ami/src/ami/compiler/sem/container_types.go:83.65,85.10 1 0
github.com/sam-caldwell/ami/src/ami/compiler/sem/container_types.go:86.9,86.65 1 1
github.com/sam-caldwell/ami/src/ami/compiler/sem/container_types.go:86.65,88.10 1 1
github.com/sam-caldwell/ami/src/ami/compiler/sem/container_types.go:90.5,90.15 1 1
github.com/sam-caldwell/ami/src/ami/compiler/sem/container_types.go:93.26,94.14 1 1
github.com/sam-caldwell/ami/src/ami/compiler/sem/container_types.go:95.20,96.21 1 0
github.com/sam-caldwell/ami/src/ami/compiler/sem/container_types.go:101.18,102.20 1 1
github.com/sam-caldwell/ami/src/ami/compiler/sem/container_types.go:103.13,104.21 1 0
github.com/sam-caldwell/ami/src/ami/compiler/sem/container_types.go:108.36,109.26 1 1
github.com/sam-caldwell/ami/src/ami/compiler/sem/container_types.go:110.25,111.21 1 1
github.com/sam-caldwell/ami/src/ami/compiler/sem/container_types.go:112.25,113.24 1 1
github.com/sam-caldwell/ami/src/ami/compiler/sem/container_types.go:114.26,118.21 3 0
github.com/sam-caldwell/ami/src/ami/compiler/sem/container_types.go:119.63,120.41 1 0
github.com/sam-caldwell/ami/src/ami/compiler/sem/container_types.go:120.41,120.57 1 0
github.com/sam-caldwell/ami/src/ami/compiler/sem/container_types.go:122.9,122.21 1 0
github.com/sam-caldwell/ami/src/ami/compiler/sem/container_types.go:123.24,124.29 1 1
github.com/sam-caldwell/ami/src/ami/compiler/sem/container_types.go:124.29,124.67 1 1
github.com/sam-caldwell/ami/src/ami/compiler/sem/container_types.go:125.9,125.28 1 0
github.com/sam-caldwell/ami/src/ami/compiler/sem/container_types.go:126.22,127.29 1 0
github.com/sam-caldwell/ami/src/ami/compiler/sem/container_types.go:127.29,127.65 1 0
github.com/sam-caldwell/ami/src/ami/compiler/sem/container_types.go:128.9,128.26 1 0
github.com/sam-caldwell/ami/src/ami/compiler/sem/container_types.go:129.22,131.21 3 0
github.com/sam-caldwell/ami/src/ami/compiler/sem/container_types.go:131.21,131.35 1 0
github.com/sam-caldwell/ami/src/ami/compiler/sem/container_types.go:132.9,132.21 1 0
github.com/sam-caldwell/ami/src/ami/compiler/sem/container_types.go:132.21,132.35 1 0
github.com/sam-caldwell/ami/src/ami/compiler/sem/container_types.go:133.9,133.44 1 0
github.com/sam-caldwell/ami/src/ami/compiler/sem/container_types.go:134.13,135.21 1 0
github.com/sam-caldwell/ami/src/ami/compiler/sem/edges.go:15.46,17.17 2 1
github.com/sam-caldwell/ami/src/ami/compiler/sem/edges.go:17.17,17.31 1 0
github.com/sam-caldwell/ami/src/ami/compiler/sem/edges.go:18.5,22.31 3 1
github.com/sam-caldwell/ami/src/ami/compiler/sem/edges.go:22.31,23.48 1 1
github.com/sam-caldwell/ami/src/ami/compiler/sem/edges.go:23.48,26.40 2 1
github.com/sam-caldwell/ami/src/ami/compiler/sem/edges.go:26.40,27.52 1 1
github.com/sam-caldwell/ami/src/ami/compiler/sem/edges.go:27.52,28.61 1 1
github.com/sam-caldwell/ami/src/ami/compiler/sem/edges.go:28.61,29.53 1 1
github.com/sam-caldwell/ami/src/ami/compiler/sem/edges.go:29.53,30.71 1 1
github.com/sam-caldwell/ami/src/ami/compiler/sem/edges.go:30.71,31.53 1 1
github.com/sam-caldwell/ami/src/ami/compiler/sem/edges.go:31.53,31.76 1 1
github.com/sam-caldwell/ami/src/ami/compiler/sem/edges.go:37.13,37.36 1 1
github.com/sam-caldwell/ami/src/ami/compiler/sem/edges.go:42.5,42.55 1 1
github.com/sam-caldwell/ami/src/ami/compiler/sem/edges.go:42.55,44.32 2 1
github.com/sam-caldwell/ami/src/ami/compiler/sem/edges.go:44.32,46.56 2 1
github.com/sam-caldwell/ami/src/ami/compiler/sem/edges.go:46.56,50.14 3 1
github.com/sam-caldwell/ami/src/ami/compiler/sem/edges.go:52.9,52.17 1 1
github.com/sam-caldwell/ami/src/ami/compiler/sem/edges.go:55.5,55.31 1 1
github.com/sam-caldwell/ami/src/ami/compiler/sem/edges.go:55.31,57.16 2 1
github.com/sam-caldwell/ami/src/ami/compiler/sem/edges.go:57.16,57.26 1 0
github.com/sam-caldwell/ami/src/ami/compiler/sem/edges.go:58.9,58.36 1 1
github.com/sam-caldwell/ami/src/ami/compiler/sem/edges.go:58.36,60.20 2 1
github.com/sam-caldwell/ami/src/ami/compiler/sem/edges.go:60.20,60.30 1 0
github.com/sam-caldwell/ami/src/ami/compiler/sem/edges.go:61.13,61.41 1 1
github.com/sam-caldwell/ami/src/ami/compiler/sem/edges.go:61.41,62.32 1 1
github.com/sam-caldwell/ami/src/ami/compiler/sem/edges.go:63.47,66.47 2 1
github.com/sam-caldwell/ami/src/ami/compiler/sem/edges.go:66.47,67.75 1 1
github.com/sam-caldwell/ami/src/ami/compiler/sem/edges.go:67.75,69.26 1 0
github.com/sam-caldwell/ami/src/ami/compiler/sem/edges.go:72.21,72.50 1 1
github.com/sam-caldwell/ami/src/ami/compiler/sem/edges.go:72.50,73.72 1 1
github.com/sam-caldwell/ami/src/ami/compiler/sem/edges.go:73.72,75.26 1 0
github.com/sam-caldwell/ami/src/ami/compiler/sem/edges.go:75.31,75.61 1 1
github.com/sam-caldwell/ami/src/ami/compiler/sem/edges.go:75.61,76.91 1 1
github.com/sam-caldwell/ami/src/ami/compiler/sem/edges.go:76.91,78.30 1 1
github.com/sam-caldwell/ami/src/ami/compiler/sem/edges.go:81.21,81.57 1 1
github.com/sam-caldwell/ami/src/ami/compiler/sem/edges.go:81.57,82.35 1 1
github.com/sam-caldwell/ami/src/ami/compiler/sem/edges.go:83.96,83.96 0 1
github.com/sam-caldwell/ami/src/ami/compiler/sem/edges.go:85.37,86.269 1 1
github.com/sam-caldwell/ami/src/ami/compiler/sem/edges.go:87.33,88.249 1 0
github.com/sam-caldwell/ami/src/ami/compiler/sem/edges.go:91.38,94.35 3 1
github.com/sam-caldwell/ami/src/ami/compiler/sem/edges.go:94.35,96.33 2 0
github.com/sam-caldwell/ami/src/ami/compiler/sem/edges.go:98.21,99.28 2 1
github.com/sam-caldwell/ami/src/ami/compiler/sem/edges.go:99.28,101.33 2 1
github.com/sam-caldwell/ami/src/ami/compiler/sem/edges.go:103.21,103.68 1 1
github.com/sam-caldwell/ami/src/ami/compiler/sem/edges.go:103.68,104.56 1 1
github.com/sam-caldwell/ami/src/ami/compiler/sem/edges.go:104.56,106.26 1 1
github.com/sam-caldwell/ami/src/ami/compiler/sem/edges.go:112.5,112.15 1 1
github.com/sam-caldwell/ami/src/ami/compiler/sem/errpipeline.go:15.55,17.17 2 1
github.com/sam-caldwell/ami/src/ami/compiler/sem/errpipeline.go:17.17,17.31 1 0
github.com/sam-caldwell/ami/src/ami/compiler/sem/errpipeline.go:18.5,19.31 2 1
github.com/sam-caldwell/ami/src/ami/compiler/sem/errpipeline.go:19.31,21.59 2 1
github.com/sam-caldwell/ami/src/ami/compiler/sem/errpipeline.go:21.59,21.69 1 0
github.com/sam-caldwell/ami/src/ami/compiler/sem/errpipeline.go:22.9,23.47 2 1
github.com/sam-caldwell/ami/src/ami/compiler/sem/errpipeline.go:23.47,24.48 1 1
github.com/sam-caldwell/ami/src/ami/compiler/sem/errpipeline.go:24.48,24.77 1 1
github.com/sam-caldwell/ami/src/ami/compiler/sem/errpipeline.go:26.9,26.28 1 1
github.com/sam-caldwell/ami/src/ami/compiler/sem/errpipeline.go:26.28,26.38 1 0
github.com/sam-caldwell/ami/src/ami/compiler/sem/errpipeline.go:28.9,28.56 1 1
github.com/sam-caldwell/ami/src/ami/compiler/sem/errpipeline.go:28.56,30.10 1 1
github.com/sam-caldwell/ami/src/ami/compiler/sem/errpipeline.go:32.9,33.51 2 1
github.com/sam-caldwell/ami/src/ami/compiler/sem/errpipeline.go:33.51,35.10 1 1
github.com/sam-caldwell/ami/src/ami/compiler/sem/errpipeline.go:37.9,37.34 1 1
github.com/sam-caldwell/ami/src/ami/compiler/sem/errpipeline.go:37.34,39.169 2 1
github.com/sam-caldwell/ami/src/ami/compiler/sem/errpipeline.go:39.169,41.14 1 1
github.com/sam-caldwell/ami/src/ami/compiler/sem/errpipeline.go:44.5,44.15 1 1
github.com/sam-caldwell/ami/src/ami/compiler/sem/eventflow.go:14.54,16.17 2 1
github.com/sam-caldwell/ami/src/ami/compiler/sem/eventflow.go:16.17,16.31 1 0
github.com/sam-caldwell/ami/src/ami/compiler/sem/eventflow.go:17.5,18.31 2 1
github.com/sam-caldwell/ami/src/ami/compiler/sem/eventflow.go:18.31,20.16 2 1
github.com/sam-caldwell/ami/src/ami/compiler/sem/eventflow.go:20.16,20.26 1 0
github.com/sam-caldwell/ami/src/ami/compiler/sem/eventflow.go:22.9,24.36 3 1
github.com/sam-caldwell/ami/src/ami/compiler/sem/eventflow.go:24.36,25.48 1 1
github.com/sam-caldwell/ami/src/ami/compiler/sem/eventflow.go:25.48,27.45 2 1
github.com/sam-caldwell/ami/src/ami/compiler/sem/eventflow.go:27.45,28.63 1 1
github.com/sam-caldwell/ami/src/ami/compiler/sem/eventflow.go:28.63,29.70 1 1
github.com/sam-caldwell/ami/src/ami/compiler/sem/eventflow.go:29.70,31.26 1 1
github.com/sam-caldwell/ami/src/ami/compiler/sem/eventflow.go:37.9,40.36 3 1
github.com/sam-caldwell/ami/src/ami/compiler/sem/eventflow.go:40.36,41.47 1 1
github.com/sam-caldwell/ami/src/ami/compiler/sem/eventflow.go:41.47,43.14 1 1
github.com/sam-caldwell/ami/src/ami/compiler/sem/eventflow.go:47.9,47.41 1 1
github.com/sam-caldwell/ami/src/ami/compiler/sem/eventflow.go:47.41,49.37 2 1
github.com/sam-caldwell/ami/src/ami/compiler/sem/eventflow.go:49.37,51.41 1 1
github.com/sam-caldwell/ami/src/ami/compiler/sem/eventflow.go:51.41,55.46 3 0
github.com/sam-caldwell/ami/src/ami/compiler/sem/eventflow.go:55.46,56.42 1 0
github.com/sam-caldwell/ami/src/ami/compiler/sem/eventflow.go:56.42,58.41 2 0
github.com/sam-caldwell/ami/src/ami/compiler/sem/eventflow.go:58.41,58.68 2 0
github.com/sam-caldwell/ami/src/ami/compiler/sem/eventflow.go:59.29,59.40 1 0
github.com/sam-caldwell/ami/src/ami/compiler/sem/eventflow.go:59.40,59.50 1 0
github.com/sam-caldwell/ami/src/ami/compiler/sem/eventflow.go:59.55,59.67 1 0
github.com/sam-caldwell/ami/src/ami/compiler/sem/eventflow.go:59.67,59.94 2 0
github.com/sam-caldwell/ami/src/ami/compiler/sem/eventflow.go:62.21,62.46 1 0
github.com/sam-caldwell/ami/src/ami/compiler/sem/eventflow.go:62.46,62.84 2 0
github.com/sam-caldwell/ami/src/ami/compiler/sem/eventflow.go:65.17,65.43 1 1
github.com/sam-caldwell/ami/src/ami/compiler/sem/eventflow.go:65.43,68.46 3 1
github.com/sam-caldwell/ami/src/ami/compiler/sem/eventflow.go:68.46,69.46 1 1
github.com/sam-caldwell/ami/src/ami/compiler/sem/eventflow.go:69.46,71.41 2 1
github.com/sam-caldwell/ami/src/ami/compiler/sem/eventflow.go:71.41,71.68 2 0
github.com/sam-caldwell/ami/src/ami/compiler/sem/eventflow.go:72.29,72.40 1 1
github.com/sam-caldwell/ami/src/ami/compiler/sem/eventflow.go:72.40,72.50 1 1
github.com/sam-caldwell/ami/src/ami/compiler/sem/eventflow.go:72.55,72.67 1 0
github.com/sam-caldwell/ami/src/ami/compiler/sem/eventflow.go:72.67,72.94 2 0
github.com/sam-caldwell/ami/src/ami/compiler/sem/eventflow.go:75.21,75.46 1 1
github.com/sam-caldwell/ami/src/ami/compiler/sem/eventflow.go:75.46,75.86 2 1
github.com/sam-caldwell/ami/src/ami/compiler/sem/eventflow.go:78.13,78.25 1 1
github.com/sam-caldwell/ami/src/ami/compiler/sem/eventflow.go:78.25,78.32 1 1
github.com/sam-caldwell/ami/src/ami/compiler/sem/eventflow.go:81.9,81.33 1 1
github.com/sam-caldwell/ami/src/ami/compiler/sem/eventflow.go:81.33,84.73 3 1
github.com/sam-caldwell/ami/src/ami/compiler/sem/eventflow.go:84.73,87.14 2 1
github.com/sam-caldwell/ami/src/ami/compiler/sem/eventflow.go:91.9,92.33 2 1
github.com/sam-caldwell/ami/src/ami/compiler/sem/eventflow.go:92.33,93.39 1 1
github.com/sam-caldwell/ami/src/ami/compiler/sem/eventflow.go:93.39,94.41 1 1
github.com/sam-caldwell/ami/src/ami/compiler/sem/eventflow.go:94.41,94.82 1 1
github.com/sam-caldwell/ami/src/ami/compiler/sem/eventflow.go:95.17,95.61 1 1
github.com/sam-caldwell/ami/src/ami/compiler/sem/eventflow.go:98.9,98.40 1 1
github.com/sam-caldwell/ami/src/ami/compiler/sem/eventflow.go:98.40,99.29 1 1
github.com/sam-caldwell/ami/src/ami/compiler/sem/eventflow.go:99.29,103.36 3 0
github.com/sam-caldwell/ami/src/ami/compiler/sem/eventflow.go:103.36,103.64 1 0
github.com/sam-caldwell/ami/src/ami/compiler/sem/eventflow.go:104.17,104.229 1 0
github.com/sam-caldwell/ami/src/ami/compiler/sem/eventflow.go:108.5,108.15 1 1
github.com/sam-caldwell/ami/src/ami/compiler/sem/functions.go:11.50,13.17 2 1
github.com/sam-caldwell/ami/src/ami/compiler/sem/functions.go:13.17,13.31 1 0
github.com/sam-caldwell/ami/src/ami/compiler/sem/functions.go:14.5,16.31 3 1
github.com/sam-caldwell/ami/src/ami/compiler/sem/functions.go:16.31,18.16 2 1
github.com/sam-caldwell/ami/src/ami/compiler/sem/functions.go:18.16,18.26 1 0
github.com/sam-caldwell/ami/src/ami/compiler/sem/functions.go:20.9,20.44 1 1
github.com/sam-caldwell/ami/src/ami/compiler/sem/functions.go:20.44,22.10 1 1
github.com/sam-caldwell/ami/src/ami/compiler/sem/functions.go:23.9,23.47 1 1
github.com/sam-caldwell/ami/src/ami/compiler/sem/functions.go:23.47,25.10 1 1
github.com/sam-caldwell/ami/src/ami/compiler/sem/functions.go:25.15,26.30 1 1
github.com/sam-caldwell/ami/src/ami/compiler/sem/functions.go:26.30,26.60 1 1
github.com/sam-caldwell/ami/src/ami/compiler/sem/functions.go:29.9,29.37 1 1
github.com/sam-caldwell/ami/src/ami/compiler/sem/functions.go:29.37,30.46 1 1
github.com/sam-caldwell/ami/src/ami/compiler/sem/functions.go:30.46,32.14 1 1
github.com/sam-caldwell/ami/src/ami/compiler/sem/functions.go:35.5,35.15 1 1
github.com/sam-caldwell/ami/src/ami/compiler/sem/import_scope.go:9.53,11.17 2 1
github.com/sam-caldwell/ami/src/ami/compiler/sem/import_scope.go:11.17,11.31 1 0
github.com/sam-caldwell/ami/src/ami/compiler/sem/import_scope.go:12.5,12.31 1 1
github.com/sam-caldwell/ami/src/ami/compiler/sem/import_scope.go:12.31,13.46 1 1
github.com/sam-caldwell/ami/src/ami/compiler/sem/import_scope.go:13.46,15.28 2 1
github.com/sam-caldwell/ami/src/ami/compiler/sem/import_scope.go:15.28,17.62 2 1
github.com/sam-caldwell/ami/src/ami/compiler/sem/import_scope.go:17.62,17.81 1 1
github.com/sam-caldwell/ami/src/ami/compiler/sem/import_scope.go:17.86,17.100 1 1
github.com/sam-caldwell/ami/src/ami/compiler/sem/import_scope.go:19.13,19.28 1 1
github.com/sam-caldwell/ami/src/ami/compiler/sem/import_scope.go:19.28,19.55 1 1
github.com/sam-caldwell/ami/src/ami/compiler/sem/import_scope.go:22.5,22.15 1 1
github.com/sam-caldwell/ami/src/ami/compiler/sem/inference.go:14.54,16.17 2 1
github.com/sam-caldwell/ami/src/ami/compiler/sem/inference.go:16.17,16.31 1 0
github.com/sam-caldwell/ami/src/ami/compiler/sem/inference.go:17.5,18.31 2 1
github.com/sam-caldwell/ami/src/ami/compiler/sem/inference.go:18.31,20.34 2 1
github.com/sam-caldwell/ami/src/ami/compiler/sem/inference.go:20.34,20.44 1 0
github.com/sam-caldwell/ami/src/ami/compiler/sem/inference.go:22.9,23.37 2 1
github.com/sam-caldwell/ami/src/ami/compiler/sem/inference.go:23.37,24.45 1 1
github.com/sam-caldwell/ami/src/ami/compiler/sem/inference.go:24.45,24.69 1 1
github.com/sam-caldwell/ami/src/ami/compiler/sem/inference.go:27.9,29.42 2 1
github.com/sam-caldwell/ami/src/ami/compiler/sem/inference.go:29.42,30.48 1 1
github.com/sam-caldwell/ami/src/ami/compiler/sem/inference.go:30.48,31.34 1 1
github.com/sam-caldwell/ami/src/ami/compiler/sem/inference.go:31.34,32.38 1 1
github.com/sam-caldwell/ami/src/ami/compiler/sem/inference.go:32.38,32.64 1 1
github.com/sam-caldwell/ami/src/ami/compiler/sem/inference.go:32.69,32.88 1 1
github.com/sam-caldwell/ami/src/ami/compiler/sem/inference.go:32.88,32.153 1 1
github.com/sam-caldwell/ami/src/ami/compiler/sem/inference.go:37.9,37.42 1 1
github.com/sam-caldwell/ami/src/ami/compiler/sem/inference.go:37.42,38.35 1 1
github.com/sam-caldwell/ami/src/ami/compiler/sem/inference.go:39.34,41.60 2 1
github.com/sam-caldwell/ami/src/ami/compiler/sem/inference.go:41.60,42.50 1 1
github.com/sam-caldwell/ami/src/ami/compiler/sem/inference.go:42.50,44.22 1 1
github.com/sam-caldwell/ami/src/ami/compiler/sem/inference.go:47.17,47.44 1 1
github.com/sam-caldwell/ami/src/ami/compiler/sem/inference.go:47.44,48.80 1 1
github.com/sam-caldwell/ami/src/ami/compiler/sem/inference.go:48.80,48.101 1 1
github.com/sam-caldwell/ami/src/ami/compiler/sem/inference.go:48.106,48.127 1 1
github.com/sam-caldwell/ami/src/ami/compiler/sem/inference.go:50.34,53.45 1 0
github.com/sam-caldwell/ami/src/ami/compiler/sem/inference.go:53.45,56.18 1 0
github.com/sam-caldwell/ami/src/ami/compiler/sem/inference.go:60.5,60.15 1 1
github.com/sam-caldwell/ami/src/ami/compiler/sem/inference.go:63.67,64.26 1 1
github.com/sam-caldwell/ami/src/ami/compiler/sem/inference.go:65.25,66.38 1 1
github.com/sam-caldwell/ami/src/ami/compiler/sem/inference.go:66.38,66.50 1 1
github.com/sam-caldwell/ami/src/ami/compiler/sem/inference.go:67.9,67.21 1 0
github.com/sam-caldwell/ami/src/ami/compiler/sem/inference.go:68.25,69.21 1 1
github.com/sam-caldwell/ami/src/ami/compiler/sem/inference.go:70.25,71.24 1 1
github.com/sam-caldwell/ami/src/ami/compiler/sem/inference.go:72.26,75.21 3 1
github.com/sam-caldwell/ami/src/ami/compiler/sem/inference.go:76.25,77.49 1 1
github.com/sam-caldwell/ami/src/ami/compiler/sem/inference.go:77.49,77.68 1 0
github.com/sam-caldwell/ami/src/ami/compiler/sem/inference.go:78.13,78.43 1 1
github.com/sam-caldwell/ami/src/ami/compiler/sem/inference.go:78.43,78.59 1 1
github.com/sam-caldwell/ami/src/ami/compiler/sem/inference.go:79.51,80.43 1 0
github.com/sam-caldwell/ami/src/ami/compiler/sem/inference.go:80.43,80.59 1 0
github.com/sam-caldwell/ami/src/ami/compiler/sem/inference.go:81.17,82.40 1 0
github.com/sam-caldwell/ami/src/ami/compiler/sem/inference.go:82.40,82.53 1 0
github.com/sam-caldwell/ami/src/ami/compiler/sem/inference.go:84.9,84.21 1 0
github.com/sam-caldwell/ami/src/ami/compiler/sem/inference.go:85.24,86.29 1 1
github.com/sam-caldwell/ami/src/ami/compiler/sem/inference.go:86.29,86.67 1 1
github.com/sam-caldwell/ami/src/ami/compiler/sem/inference.go:87.9,87.30 1 0
github.com/sam-caldwell/ami/src/ami/compiler/sem/inference.go:87.30,87.53 1 0
github.com/sam-caldwell/ami/src/ami/compiler/sem/inference.go:88.9,89.21 2 0
github.com/sam-caldwell/ami/src/ami/compiler/sem/inference.go:89.21,89.35 1 0
github.com/sam-caldwell/ami/src/ami/compiler/sem/inference.go:90.9,90.35 1 0
github.com/sam-caldwell/ami/src/ami/compiler/sem/inference.go:91.22,92.29 1 0
github.com/sam-caldwell/ami/src/ami/compiler/sem/inference.go:92.29,92.65 1 0
github.com/sam-caldwell/ami/src/ami/compiler/sem/inference.go:93.9,93.30 1 0
github.com/sam-caldwell/ami/src/ami/compiler/sem/inference.go:93.30,93.51 1 0
github.com/sam-caldwell/ami/src/ami/compiler/sem/inference.go:94.9,95.21 2 0
github.com/sam-caldwell/ami/src/ami/compiler/sem/inference.go:95.21,95.35 1 0
github.com/sam-caldwell/ami/src/ami/compiler/sem/inference.go:96.9,96.33 1 0
github.com/sam-caldwell/ami/src/ami/compiler/sem/inference.go:97.22,100.21 3 0
github.com/sam-caldwell/ami/src/ami/compiler/sem/inference.go:100.21,100.35 1 0
github.com/sam-caldwell/ami/src/ami/compiler/sem/inference.go:101.9,101.21 1 0
github.com/sam-caldwell/ami/src/ami/compiler/sem/inference.go:101.21,101.35 1 0
github.com/sam-caldwell/ami/src/ami/compiler/sem/inference.go:102.9,102.44 1 0
github.com/sam-caldwell/ami/src/ami/compiler/sem/inference.go:103.13,104.21 1 0
github.com/sam-caldwell/ami/src/ami/compiler/sem/inference.go:109.62,109.99 1 1
github.com/sam-caldwell/ami/src/ami/compiler/sem/inference.go:113.101,114.26 1 1
github.com/sam-caldwell/ami/src/ami/compiler/sem/inference.go:115.24,116.69 1 0
github.com/sam-caldwell/ami/src/ami/compiler/sem/inference.go:116.69,116.85 1 0
github.com/sam-caldwell/ami/src/ami/compiler/sem/inference.go:117.9,117.21 1 0
github.com/sam-caldwell/ami/src/ami/compiler/sem/inference.go:118.13,119.42 1 1
github.com/sam-caldwell/ami/src/ami/compiler/sem/inference.go:124.62,126.17 2 1
github.com/sam-caldwell/ami/src/ami/compiler/sem/inference.go:126.17,126.31 1 0
github.com/sam-caldwell/ami/src/ami/compiler/sem/inference.go:127.5,127.31 1 1
github.com/sam-caldwell/ami/src/ami/compiler/sem/inference.go:127.31,128.44 1 1
github.com/sam-caldwell/ami/src/ami/compiler/sem/inference.go:128.44,129.37 1 1
github.com/sam-caldwell/ami/src/ami/compiler/sem/inference.go:129.37,129.47 1 1
github.com/sam-caldwell/ami/src/ami/compiler/sem/inference.go:130.13,131.42 2 0
github.com/sam-caldwell/ami/src/ami/compiler/sem/inference.go:131.42,131.60 1 0
github.com/sam-caldwell/ami/src/ami/compiler/sem/inference.go:132.13,132.30 1 0
github.com/sam-caldwell/ami/src/ami/compiler/sem/inference.go:135.5,135.15 1 1
github.com/sam-caldwell/ami/src/ami/compiler/sem/memsafety.go:16.56,18.17 2 1
github.com/sam-caldwell/ami/src/ami/compiler/sem/memsafety.go:18.17,18.31 1 0
github.com/sam-caldwell/ami/src/ami/compiler/sem/memsafety.go:19.5,22.9 3 1
github.com/sam-caldwell/ami/src/ami/compiler/sem/memsafety.go:22.9,25.32 3 1
github.com/sam-caldwell/ami/src/ami/compiler/sem/memsafety.go:25.32,25.39 1 1
github.com/sam-caldwell/ami/src/ami/compiler/sem/memsafety.go:27.5,29.42 2 1
github.com/sam-caldwell/ami/src/ami/compiler/sem/memsafety.go:29.42,30.18 1 1
github.com/sam-caldwell/ami/src/ami/compiler/sem/memsafety.go:31.107,32.24 1 1
github.com/sam-caldwell/ami/src/ami/compiler/sem/memsafety.go:33.17,34.25 1 0
github.com/sam-caldwell/ami/src/ami/compiler/sem/memsafety.go:37.5,37.39 1 1
github.com/sam-caldwell/ami/src/ami/compiler/sem/memsafety.go:37.39,39.27 2 1
github.com/sam-caldwell/ami/src/ami/compiler/sem/memsafety.go:39.27,40.88 1 1
github.com/sam-caldwell/ami/src/ami/compiler/sem/memsafety.go:40.88,40.103 2 0
github.com/sam-caldwell/ami/src/ami/compiler/sem/memsafety.go:41.13,41.21 1 1
github.com/sam-caldwell/ami/src/ami/compiler/sem/memsafety.go:43.9,43.27 1 0
github.com/sam-caldwell/ami/src/ami/compiler/sem/memsafety.go:45.5,45.39 1 1
github.com/sam-caldwell/ami/src/ami/compiler/sem/memsafety.go:45.39,47.20 2 1
github.com/sam-caldwell/ami/src/ami/compiler/sem/memsafety.go:47.20,48.88 1 1
github.com/sam-caldwell/ami/src/ami/compiler/sem/memsafety.go:48.88,48.103 2 0
github.com/sam-caldwell/ami/src/ami/compiler/sem/memsafety.go:49.13,49.21 1 1
github.com/sam-caldwell/ami/src/ami/compiler/sem/memsafety.go:51.9,51.18 1 1
github.com/sam-caldwell/ami/src/ami/compiler/sem/memsafety.go:53.5,53.36 1 1
github.com/sam-caldwell/ami/src/ami/compiler/sem/memsafety.go:53.36,55.23 2 1
github.com/sam-caldwell/ami/src/ami/compiler/sem/memsafety.go:56.27,57.32 1 1
github.com/sam-caldwell/ami/src/ami/compiler/sem/memsafety.go:57.32,59.14 1 1
github.com/sam-caldwell/ami/src/ami/compiler/sem/memsafety.go:60.25,64.24 3 1
github.com/sam-caldwell/ami/src/ami/compiler/sem/memsafety.go:64.24,66.80 1 1
github.com/sam-caldwell/ami/src/ami/compiler/sem/memsafety.go:66.80,68.18 1 1
github.com/sam-caldwell/ami/src/ami/compiler/sem/memsafety.go:70.13,70.23 1 1
github.com/sam-caldwell/ami/src/ami/compiler/sem/memsafety.go:70.23,70.33 1 1
github.com/sam-caldwell/ami/src/ami/compiler/sem/memsafety.go:72.13,73.63 2 1
github.com/sam-caldwell/ami/src/ami/compiler/sem/memsafety.go:73.63,75.68 2 1
github.com/sam-caldwell/ami/src/ami/compiler/sem/memsafety.go:75.68,77.29 1 1
github.com/sam-caldwell/ami/src/ami/compiler/sem/memsafety.go:80.13,80.282 1 1
github.com/sam-caldwell/ami/src/ami/compiler/sem/memsafety.go:83.5,83.15 1 1
github.com/sam-caldwell/ami/src/ami/compiler/sem/multipath.go:16.50,18.17 2 1
github.com/sam-caldwell/ami/src/ami/compiler/sem/multipath.go:18.17,18.31 1 0
github.com/sam-caldwell/ami/src/ami/compiler/sem/multipath.go:19.5,33.31 4 1
github.com/sam-caldwell/ami/src/ami/compiler/sem/multipath.go:33.31,35.16 2 1
github.com/sam-caldwell/ami/src/ami/compiler/sem/multipath.go:35.16,35.26 1 0
github.com/sam-caldwell/ami/src/ami/compiler/sem/multipath.go:36.9,36.36 1 1
github.com/sam-caldwell/ami/src/ami/compiler/sem/multipath.go:36.36,38.20 2 1
github.com/sam-caldwell/ami/src/ami/compiler/sem/multipath.go:38.20,38.30 1 0
github.com/sam-caldwell/ami/src/ami/compiler/sem/multipath.go:40.13,40.41 1 1
github.com/sam-caldwell/ami/src/ami/compiler/sem/multipath.go:40.41,41.74 1 1
github.com/sam-caldwell/ami/src/ami/compiler/sem/multipath.go:41.74,42.45 1 1
github.com/sam-caldwell/ami/src/ami/compiler/sem/multipath.go:42.45,44.22 1 1
github.com/sam-caldwell/ami/src/ami/compiler/sem/multipath.go:47.13,47.37 1 1
github.com/sam-caldwell/ami/src/ami/compiler/sem/multipath.go:47.37,47.47 1 1
github.com/sam-caldwell/ami/src/ami/compiler/sem/multipath.go:49.13,52.41 4 1
github.com/sam-caldwell/ami/src/ami/compiler/sem/multipath.go:52.41,53.57 1 1
github.com/sam-caldwell/ami/src/ami/compiler/sem/multipath.go:53.57,54.55 1 1
github.com/sam-caldwell/ami/src/ami/compiler/sem/multipath.go:54.55,56.65 2 1
github.com/sam-caldwell/ami/src/ami/compiler/sem/multipath.go:56.65,58.37 2 1
github.com/sam-caldwell/ami/src/ami/compiler/sem/multipath.go:60.25,60.79 1 1
github.com/sam-caldwell/ami/src/ami/compiler/sem/multipath.go:60.79,62.37 2 1
github.com/sam-caldwell/ami/src/ami/compiler/sem/multipath.go:65.25,65.40 1 1
github.com/sam-caldwell/ami/src/ami/compiler/sem/multipath.go:66.43,67.86 1 1
github.com/sam-caldwell/ami/src/ami/compiler/sem/multipath.go:67.86,69.30 1 1
github.com/sam-caldwell/ami/src/ami/compiler/sem/multipath.go:70.29,70.42 1 1
github.com/sam-caldwell/ami/src/ami/compiler/sem/multipath.go:70.42,72.66 2 0
github.com/sam-caldwell/ami/src/ami/compiler/sem/multipath.go:72.66,74.34 1 0
github.com/sam-caldwell/ami/src/ami/compiler/sem/multipath.go:76.48,77.86 1 1
github.com/sam-caldwell/ami/src/ami/compiler/sem/multipath.go:77.86,79.30 1 1
github.com/sam-caldwell/ami/src/ami/compiler/sem/multipath.go:80.45,81.42 1 0
github.com/sam-caldwell/ami/src/ami/compiler/sem/multipath.go:81.42,82.102 1 0
github.com/sam-caldwell/ami/src/ami/compiler/sem/multipath.go:82.102,84.34 1 0
github.com/sam-caldwell/ami/src/ami/compiler/sem/multipath.go:86.63,87.86 1 1
github.com/sam-caldwell/ami/src/ami/compiler/sem/multipath.go:87.86,89.30 1 1
github.com/sam-caldwell/ami/src/ami/compiler/sem/multipath.go:90.45,91.42 1 0
github.com/sam-caldwell/ami/src/ami/compiler/sem/multipath.go:91.42,92.85 1 0
github.com/sam-caldwell/ami/src/ami/compiler/sem/multipath.go:92.85,93.50 1 0
github.com/sam-caldwell/ami/src/ami/compiler/sem/multipath.go:93.50,95.87 2 0
github.com/sam-caldwell/ami/src/ami/compiler/sem/multipath.go:95.87,97.42 1 0
github.com/sam-caldwell/ami/src/ami/compiler/sem/multipath.go:103.25,103.64 1 1
github.com/sam-caldwell/ami/src/ami/compiler/sem/multipath.go:103.64,103.94 1 1
github.com/sam-caldwell/ami/src/ami/compiler/sem/multipath.go:104.25,104.72 1 1
github.com/sam-caldwell/ami/src/ami/compiler/sem/multipath.go:104.72,104.108 1 1
github.com/sam-caldwell/ami/src/ami/compiler/sem/multipath.go:106.25,108.54 3 1
github.com/sam-caldwell/ami/src/ami/compiler/sem/multipath.go:108.54,109.44 1 1
github.com/sam-caldwell/ami/src/ami/compiler/sem/multipath.go:109.44,111.30 1 1
github.com/sam-caldwell/ami/src/ami/compiler/sem/multipath.go:112.31,114.26 1 1
github.com/sam-caldwell/ami/src/ami/compiler/sem/multipath.go:115.27,117.22 1 1
github.com/sam-caldwell/ami/src/ami/compiler/sem/multipath.go:121.13,121.85 1 1
github.com/sam-caldwell/ami/src/ami/compiler/sem/multipath.go:121.85,124.14 2 1
github.com/sam-caldwell/ami/src/ami/compiler/sem/multipath.go:127.5,127.15 1 1
github.com/sam-caldwell/ami/src/ami/compiler/sem/multipath.go:130.61,132.29 1 1
github.com/sam-caldwell/ami/src/ami/compiler/sem/multipath.go:132.29,136.26 3 1
github.com/sam-caldwell/ami/src/ami/compiler/sem/multipath.go:136.26,136.46 1 1
github.com/sam-caldwell/ami/src/ami/compiler/sem/multipath.go:137.9,137.26 1 1
github.com/sam-caldwell/ami/src/ami/compiler/sem/multipath.go:137.26,137.48 1 0
github.com/sam-caldwell/ami/src/ami/compiler/sem/multipath.go:138.9,138.29 1 1
github.com/sam-caldwell/ami/src/ami/compiler/sem/multipath.go:140.5,140.31 1 1
github.com/sam-caldwell/ami/src/ami/compiler/sem/multipath.go:140.31,143.26 3 0
github.com/sam-caldwell/ami/src/ami/compiler/sem/multipath.go:143.26,143.48 1 0
github.com/sam-caldwell/ami/src/ami/compiler/sem/multipath.go:144.9,144.26 1 0
github.com/sam-caldwell/ami/src/ami/compiler/sem/multipath.go:144.26,144.48 1 0
github.com/sam-caldwell/ami/src/ami/compiler/sem/multipath.go:145.9,145.31 1 0
github.com/sam-caldwell/ami/src/ami/compiler/sem/multipath.go:147.5,147.22 1 1
github.com/sam-caldwell/ami/src/ami/compiler/sem/multipath.go:147.22,147.45 1 1
github.com/sam-caldwell/ami/src/ami/compiler/sem/multipath.go:148.5,148.14 1 0
github.com/sam-caldwell/ami/src/ami/compiler/sem/multipath.go:151.46,153.2 1 1
github.com/sam-caldwell/ami/src/ami/compiler/sem/pipeline.go:15.58,17.17 2 1
github.com/sam-caldwell/ami/src/ami/compiler/sem/pipeline.go:17.17,17.31 1 0
github.com/sam-caldwell/ami/src/ami/compiler/sem/pipeline.go:18.5,20.31 2 1
github.com/sam-caldwell/ami/src/ami/compiler/sem/pipeline.go:20.31,22.16 2 1
github.com/sam-caldwell/ami/src/ami/compiler/sem/pipeline.go:22.16,22.26 1 0
github.com/sam-caldwell/ami/src/ami/compiler/sem/pipeline.go:24.9,25.36 2 1
github.com/sam-caldwell/ami/src/ami/compiler/sem/pipeline.go:25.36,26.48 1 1
github.com/sam-caldwell/ami/src/ami/compiler/sem/pipeline.go:26.48,28.14 1 1
github.com/sam-caldwell/ami/src/ami/compiler/sem/pipeline.go:31.9,31.28 1 1
github.com/sam-caldwell/ami/src/ami/compiler/sem/pipeline.go:31.28,34.21 3 1
github.com/sam-caldwell/ami/src/ami/compiler/sem/pipeline.go:36.9,36.39 1 1
github.com/sam-caldwell/ami/src/ami/compiler/sem/pipeline.go:36.39,38.10 1 1
github.com/sam-caldwell/ami/src/ami/compiler/sem/pipeline.go:40.9,41.34 2 1
github.com/sam-caldwell/ami/src/ami/compiler/sem/pipeline.go:41.34,43.10 1 1
github.com/sam-caldwell/ami/src/ami/compiler/sem/pipeline.go:45.9,47.34 3 1
github.com/sam-caldwell/ami/src/ami/compiler/sem/pipeline.go:47.34,48.37 1 1
github.com/sam-caldwell/ami/src/ami/compiler/sem/pipeline.go:48.37,49.37 1 1
github.com/sam-caldwell/ami/src/ami/compiler/sem/pipeline.go:49.37,51.18 1 1
github.com/sam-caldwell/ami/src/ami/compiler/sem/pipeline.go:54.17,54.35 1 1
github.com/sam-caldwell/ami/src/ami/compiler/sem/pipeline.go:54.35,56.18 1 1
github.com/sam-caldwell/ami/src/ami/compiler/sem/pipeline.go:57.17,58.25 2 1
github.com/sam-caldwell/ami/src/ami/compiler/sem/pipeline.go:60.13,60.36 1 1
github.com/sam-caldwell/ami/src/ami/compiler/sem/pipeline.go:60.36,61.36 1 1
github.com/sam-caldwell/ami/src/ami/compiler/sem/pipeline.go:61.36,63.18 1 1
github.com/sam-caldwell/ami/src/ami/compiler/sem/pipeline.go:65.17,65.46 1 1
github.com/sam-caldwell/ami/src/ami/compiler/sem/pipeline.go:65.46,67.18 1 1
github.com/sam-caldwell/ami/src/ami/compiler/sem/pipeline.go:68.17,69.25 2 1
github.com/sam-caldwell/ami/src/ami/compiler/sem/pipeline.go:72.13,72.50 1 1
github.com/sam-caldwell/ami/src/ami/compiler/sem/pipeline.go:72.50,74.14 1 1
github.com/sam-caldwell/ami/src/ami/compiler/sem/pipeline.go:76.13,77.169 2 1
github.com/sam-caldwell/ami/src/ami/compiler/sem/pipeline.go:77.169,79.14 1 1
github.com/sam-caldwell/ami/src/ami/compiler/sem/pipeline.go:82.9,84.36 3 1
github.com/sam-caldwell/ami/src/ami/compiler/sem/pipeline.go:84.36,85.47 1 1
github.com/sam-caldwell/ami/src/ami/compiler/sem/pipeline.go:85.47,92.14 1 1
github.com/sam-caldwell/ami/src/ami/compiler/sem/pipeline.go:94.9,94.27 1 1
github.com/sam-caldwell/ami/src/ami/compiler/sem/pipeline.go:94.27,97.37 2 1
github.com/sam-caldwell/ami/src/ami/compiler/sem/pipeline.go:97.37,97.80 1 1
github.com/sam-caldwell/ami/src/ami/compiler/sem/pipeline.go:99.13,103.34 5 1
github.com/sam-caldwell/ami/src/ami/compiler/sem/pipeline.go:103.34,104.44 1 1
github.com/sam-caldwell/ami/src/ami/compiler/sem/pipeline.go:104.44,104.71 2 1
github.com/sam-caldwell/ami/src/ami/compiler/sem/pipeline.go:105.17,105.31 1 1
github.com/sam-caldwell/ami/src/ami/compiler/sem/pipeline.go:105.31,105.41 1 0
github.com/sam-caldwell/ami/src/ami/compiler/sem/pipeline.go:106.17,107.42 2 1
github.com/sam-caldwell/ami/src/ami/compiler/sem/pipeline.go:107.42,107.52 1 1
github.com/sam-caldwell/ami/src/ami/compiler/sem/pipeline.go:108.17,109.34 2 1
github.com/sam-caldwell/ami/src/ami/compiler/sem/pipeline.go:111.13,111.38 1 1
github.com/sam-caldwell/ami/src/ami/compiler/sem/pipeline.go:111.38,113.29 2 1
github.com/sam-caldwell/ami/src/ami/compiler/sem/pipeline.go:113.29,113.36 1 1
github.com/sam-caldwell/ami/src/ami/compiler/sem/pipeline.go:115.13,115.25 1 1
github.com/sam-caldwell/ami/src/ami/compiler/sem/pipeline.go:115.25,118.14 1 1
github.com/sam-caldwell/ami/src/ami/compiler/sem/pipeline.go:121.5,121.15 1 1
github.com/sam-caldwell/ami/src/ami/compiler/sem/pipeline_names.go:13.54,15.17 2 1
github.com/sam-caldwell/ami/src/ami/compiler/sem/pipeline_names.go:15.17,15.31 1 0
github.com/sam-caldwell/ami/src/ami/compiler/sem/pipeline_names.go:16.5,18.31 3 1
github.com/sam-caldwell/ami/src/ami/compiler/sem/pipeline_names.go:18.31,19.48 1 1
github.com/sam-caldwell/ami/src/ami/compiler/sem/pipeline_names.go:19.48,20.52 1 1
github.com/sam-caldwell/ami/src/ami/compiler/sem/pipeline_names.go:20.52,22.14 1 1
github.com/sam-caldwell/ami/src/ami/compiler/sem/pipeline_names.go:22.19,24.14 1 1
github.com/sam-caldwell/ami/src/ami/compiler/sem/pipeline_names.go:27.5,27.15 1 1
github.com/sam-caldwell/ami/src/ami/compiler/sem/pkg_imports.go:18.58,20.17 2 1
github.com/sam-caldwell/ami/src/ami/compiler/sem/pkg_imports.go:20.17,20.31 1 0
github.com/sam-caldwell/ami/src/ami/compiler/sem/pkg_imports.go:21.5,23.134 2 1
github.com/sam-caldwell/ami/src/ami/compiler/sem/pkg_imports.go:23.134,25.6 1 0
github.com/sam-caldwell/ami/src/ami/compiler/sem/pkg_imports.go:26.5,26.45 1 1
github.com/sam-caldwell/ami/src/ami/compiler/sem/pkg_imports.go:26.45,28.90 2 1
github.com/sam-caldwell/ami/src/ami/compiler/sem/pkg_imports.go:28.90,30.18 2 1
github.com/sam-caldwell/ami/src/ami/compiler/sem/pkg_imports.go:34.5,34.31 1 1
github.com/sam-caldwell/ami/src/ami/compiler/sem/pkg_imports.go:34.31,35.46 1 1
github.com/sam-caldwell/ami/src/ami/compiler/sem/pkg_imports.go:35.46,36.65 1 1
github.com/sam-caldwell/ami/src/ami/compiler/sem/pkg_imports.go:36.65,38.25 2 1
github.com/sam-caldwell/ami/src/ami/compiler/sem/pkg_imports.go:41.13,42.42 2 1
github.com/sam-caldwell/ami/src/ami/compiler/sem/pkg_imports.go:42.42,44.14 1 1
github.com/sam-caldwell/ami/src/ami/compiler/sem/pkg_imports.go:45.13,45.42 1 1
github.com/sam-caldwell/ami/src/ami/compiler/sem/pkg_imports.go:45.42,47.14 1 1
github.com/sam-caldwell/ami/src/ami/compiler/sem/pkg_imports.go:48.13,48.42 1 1
github.com/sam-caldwell/ami/src/ami/compiler/sem/pkg_imports.go:48.42,50.14 1 1
github.com/sam-caldwell/ami/src/ami/compiler/sem/pkg_imports.go:51.13,51.106 1 1
github.com/sam-caldwell/ami/src/ami/compiler/sem/pkg_imports.go:51.106,53.14 1 1
github.com/sam-caldwell/ami/src/ami/compiler/sem/pkg_imports.go:56.5,56.15 1 1
github.com/sam-caldwell/ami/src/ami/compiler/sem/pos.go:9.39,10.26 1 1
github.com/sam-caldwell/ami/src/ami/compiler/sem/pos.go:11.25,12.21 1 1
github.com/sam-caldwell/ami/src/ami/compiler/sem/pos.go:13.25,14.21 1 1
github.com/sam-caldwell/ami/src/ami/compiler/sem/pos.go:15.25,16.21 1 1
github.com/sam-caldwell/ami/src/ami/compiler/sem/pos.go:17.24,18.21 1 0
github.com/sam-caldwell/ami/src/ami/compiler/sem/pos.go:19.26,20.21 1 1
github.com/sam-caldwell/ami/src/ami/compiler/sem/pos.go:21.24,22.21 1 0
github.com/sam-caldwell/ami/src/ami/compiler/sem/pos.go:23.22,24.21 1 0
github.com/sam-caldwell/ami/src/ami/compiler/sem/pos.go:25.22,26.21 1 0
github.com/sam-caldwell/ami/src/ami/compiler/sem/pos.go:27.28,28.21 1 0
github.com/sam-caldwell/ami/src/ami/compiler/sem/pos.go:29.13,30.33 1 0
github.com/sam-caldwell/ami/src/ami/compiler/sem/resolution.go:13.55,15.17 2 1
github.com/sam-caldwell/ami/src/ami/compiler/sem/resolution.go:15.17,15.31 1 0
github.com/sam-caldwell/ami/src/ami/compiler/sem/resolution.go:16.5,19.31 3 1
github.com/sam-caldwell/ami/src/ami/compiler/sem/resolution.go:19.31,20.46 1 1
github.com/sam-caldwell/ami/src/ami/compiler/sem/resolution.go:20.46,22.28 2 1
github.com/sam-caldwell/ami/src/ami/compiler/sem/resolution.go:22.28,25.62 2 1
github.com/sam-caldwell/ami/src/ami/compiler/sem/resolution.go:25.62,25.81 1 0
github.com/sam-caldwell/ami/src/ami/compiler/sem/resolution.go:25.86,25.100 1 1
github.com/sam-caldwell/ami/src/ami/compiler/sem/resolution.go:27.13,27.28 1 1
github.com/sam-caldwell/ami/src/ami/compiler/sem/resolution.go:27.28,27.59 1 1
github.com/sam-caldwell/ami/src/ami/compiler/sem/resolution.go:30.5,30.31 1 1
github.com/sam-caldwell/ami/src/ami/compiler/sem/resolution.go:30.31,32.34 2 1
github.com/sam-caldwell/ami/src/ami/compiler/sem/resolution.go:32.34,32.44 1 1
github.com/sam-caldwell/ami/src/ami/compiler/sem/resolution.go:33.9,34.37 2 1
github.com/sam-caldwell/ami/src/ami/compiler/sem/resolution.go:34.37,34.55 1 1
github.com/sam-caldwell/ami/src/ami/compiler/sem/resolution.go:34.55,34.77 1 1
github.com/sam-caldwell/ami/src/ami/compiler/sem/resolution.go:36.9,36.42 1 1
github.com/sam-caldwell/ami/src/ami/compiler/sem/resolution.go:36.42,37.65 1 1
github.com/sam-caldwell/ami/src/ami/compiler/sem/resolution.go:37.65,37.88 1 1
github.com/sam-caldwell/ami/src/ami/compiler/sem/resolution.go:40.9,41.37 2 1
github.com/sam-caldwell/ami/src/ami/compiler/sem/resolution.go:41.37,42.34 1 1
github.com/sam-caldwell/ami/src/ami/compiler/sem/resolution.go:43.33,44.49 1 1
github.com/sam-caldwell/ami/src/ami/compiler/sem/resolution.go:44.49,45.53 1 1
github.com/sam-caldwell/ami/src/ami/compiler/sem/resolution.go:45.53,45.63 1 0
github.com/sam-caldwell/ami/src/ami/compiler/sem/resolution.go:46.21,46.242 1 1
github.com/sam-caldwell/ami/src/ami/compiler/sem/resolution.go:48.34,49.45 2 0
github.com/sam-caldwell/ami/src/ami/compiler/sem/resolution.go:50.32,51.42 1 1
github.com/sam-caldwell/ami/src/ami/compiler/sem/resolution.go:51.42,51.57 1 0
github.com/sam-caldwell/ami/src/ami/compiler/sem/resolution.go:52.32,53.43 1 0
github.com/sam-caldwell/ami/src/ami/compiler/sem/resolution.go:53.43,53.58 1 0
github.com/sam-caldwell/ami/src/ami/compiler/sem/resolution.go:54.30,55.43 1 0
github.com/sam-caldwell/ami/src/ami/compiler/sem/resolution.go:55.43,55.58 1 0
github.com/sam-caldwell/ami/src/ami/compiler/sem/resolution.go:56.30,57.44 1 0
github.com/sam-caldwell/ami/src/ami/compiler/sem/resolution.go:57.44,57.82 2 0
github.com/sam-caldwell/ami/src/ami/compiler/sem/resolution.go:61.9,61.42 1 1
github.com/sam-caldwell/ami/src/ami/compiler/sem/resolution.go:61.42,62.35 1 1
github.com/sam-caldwell/ami/src/ami/compiler/sem/resolution.go:63.34,64.34 1 1
github.com/sam-caldwell/ami/src/ami/compiler/sem/resolution.go:65.34,66.45 1 1
github.com/sam-caldwell/ami/src/ami/compiler/sem/resolution.go:66.45,66.60 1 1
github.com/sam-caldwell/ami/src/ami/compiler/sem/resolution.go:67.32,68.30 1 1
github.com/sam-caldwell/ami/src/ami/compiler/sem/resolution.go:69.31,70.34 1 1
github.com/sam-caldwell/ami/src/ami/compiler/sem/resolution.go:70.34,70.54 1 0
github.com/sam-caldwell/ami/src/ami/compiler/sem/resolution.go:74.5,74.15 1 1
github.com/sam-caldwell/ami/src/ami/compiler/sem/resolution.go:77.30,78.38 1 1
github.com/sam-caldwell/ami/src/ami/compiler/sem/resolution.go:78.38,78.55 1 1
github.com/sam-caldwell/ami/src/ami/compiler/sem/resolution.go:78.55,78.67 1 1
github.com/sam-caldwell/ami/src/ami/compiler/sem/resolution.go:79.5,79.14 1 1
github.com/sam-caldwell/ami/src/ami/compiler/sem/return_infer.go:14.56,16.17 2 1
github.com/sam-caldwell/ami/src/ami/compiler/sem/return_infer.go:16.17,16.31 1 0
github.com/sam-caldwell/ami/src/ami/compiler/sem/return_infer.go:17.5,18.31 2 1
github.com/sam-caldwell/ami/src/ami/compiler/sem/return_infer.go:18.31,20.34 2 1
github.com/sam-caldwell/ami/src/ami/compiler/sem/return_infer.go:20.34,20.44 1 0
github.com/sam-caldwell/ami/src/ami/compiler/sem/return_infer.go:21.9,21.32 1 1
github.com/sam-caldwell/ami/src/ami/compiler/sem/return_infer.go:21.32,21.42 1 0
github.com/sam-caldwell/ami/src/ami/compiler/sem/return_infer.go:23.9,28.42 5 1
github.com/sam-caldwell/ami/src/ami/compiler/sem/return_infer.go:28.42,30.20 2 1
github.com/sam-caldwell/ami/src/ami/compiler/sem/return_infer.go:30.20,30.30 1 1
github.com/sam-caldwell/ami/src/ami/compiler/sem/return_infer.go:32.13,33.42 2 1
github.com/sam-caldwell/ami/src/ami/compiler/sem/return_infer.go:33.42,33.119 1 1
github.com/sam-caldwell/ami/src/ami/compiler/sem/return_infer.go:34.13,34.32 1 1
github.com/sam-caldwell/ami/src/ami/compiler/sem/return_infer.go:34.32,36.25 2 1
github.com/sam-caldwell/ami/src/ami/compiler/sem/return_infer.go:38.13,38.39 1 1
github.com/sam-caldwell/ami/src/ami/compiler/sem/return_infer.go:38.39,38.66 2 0
github.com/sam-caldwell/ami/src/ami/compiler/sem/return_infer.go:39.13,39.32 1 1
github.com/sam-caldwell/ami/src/ami/compiler/sem/return_infer.go:39.32,40.55 1 1
github.com/sam-caldwell/ami/src/ami/compiler/sem/return_infer.go:40.55,42.26 2 1
github.com/sam-caldwell/ami/src/ami/compiler/sem/return_infer.go:45.13,45.28 1 1
github.com/sam-caldwell/ami/src/ami/compiler/sem/return_infer.go:45.28,45.35 1 1
github.com/sam-caldwell/ami/src/ami/compiler/sem/return_infer.go:47.9,47.24 1 1
github.com/sam-caldwell/ami/src/ami/compiler/sem/return_infer.go:47.24,49.21 2 1
github.com/sam-caldwell/ami/src/ami/compiler/sem/return_infer.go:52.9,52.33 1 1
github.com/sam-caldwell/ami/src/ami/compiler/sem/return_infer.go:52.33,52.60 1 1
github.com/sam-caldwell/ami/src/ami/compiler/sem/return_infer.go:52.60,52.81 1 1
github.com/sam-caldwell/ami/src/ami/compiler/sem/return_infer.go:53.9,53.23 1 1
github.com/sam-caldwell/ami/src/ami/compiler/sem/return_infer.go:53.23,55.10 1 1
github.com/sam-caldwell/ami/src/ami/compiler/sem/return_infer.go:57.5,57.15 1 1
github.com/sam-caldwell/ami/src/ami/compiler/sem/return_types.go:12.52,14.17 2 1
github.com/sam-caldwell/ami/src/ami/compiler/sem/return_types.go:14.17,14.31 1 0
github.com/sam-caldwell/ami/src/ami/compiler/sem/return_types.go:15.5,16.31 2 1
github.com/sam-caldwell/ami/src/ami/compiler/sem/return_types.go:16.31,18.16 2 1
github.com/sam-caldwell/ami/src/ami/compiler/sem/return_types.go:18.16,18.26 1 0
github.com/sam-caldwell/ami/src/ami/compiler/sem/return_types.go:19.9,20.38 2 1
github.com/sam-caldwell/ami/src/ami/compiler/sem/return_types.go:20.38,20.58 1 1
github.com/sam-caldwell/ami/src/ami/compiler/sem/return_types.go:22.9,22.27 1 1
github.com/sam-caldwell/ami/src/ami/compiler/sem/return_types.go:22.27,22.37 1 0
github.com/sam-caldwell/ami/src/ami/compiler/sem/return_types.go:23.9,24.42 2 1
github.com/sam-caldwell/ami/src/ami/compiler/sem/return_types.go:24.42,26.20 2 1
github.com/sam-caldwell/ami/src/ami/compiler/sem/return_types.go:26.20,26.30 1 0
github.com/sam-caldwell/ami/src/ami/compiler/sem/return_types.go:28.13,29.42 2 1
github.com/sam-caldwell/ami/src/ami/compiler/sem/return_types.go:29.42,29.86 1 1
github.com/sam-caldwell/ami/src/ami/compiler/sem/return_types.go:31.13,31.38 1 1
github.com/sam-caldwell/ami/src/ami/compiler/sem/return_types.go:31.38,33.25 2 1
github.com/sam-caldwell/ami/src/ami/compiler/sem/return_types.go:36.13,36.32 1 1
github.com/sam-caldwell/ami/src/ami/compiler/sem/return_types.go:36.32,37.54 1 1
github.com/sam-caldwell/ami/src/ami/compiler/sem/return_types.go:37.54,39.26 2 1
github.com/sam-caldwell/ami/src/ami/compiler/sem/return_types.go:44.5,44.15 1 1
github.com/sam-caldwell/ami/src/ami/compiler/sem/return_types_with_sigs.go:12.89,14.17 2 1
github.com/sam-caldwell/ami/src/ami/compiler/sem/return_types_with_sigs.go:14.17,14.31 1 0
github.com/sam-caldwell/ami/src/ami/compiler/sem/return_types_with_sigs.go:15.5,16.31 2 1
github.com/sam-caldwell/ami/src/ami/compiler/sem/return_types_with_sigs.go:16.31,18.34 2 1
github.com/sam-caldwell/ami/src/ami/compiler/sem/return_types_with_sigs.go:18.34,18.44 1 0
github.com/sam-caldwell/ami/src/ami/compiler/sem/return_types_with_sigs.go:19.9,20.38 2 1
github.com/sam-caldwell/ami/src/ami/compiler/sem/return_types_with_sigs.go:20.38,20.58 1 1
github.com/sam-caldwell/ami/src/ami/compiler/sem/return_types_with_sigs.go:22.9,23.42 2 1
github.com/sam-caldwell/ami/src/ami/compiler/sem/return_types_with_sigs.go:23.42,25.20 2 1
github.com/sam-caldwell/ami/src/ami/compiler/sem/return_types_with_sigs.go:25.20,25.30 1 1
github.com/sam-caldwell/ami/src/ami/compiler/sem/return_types_with_sigs.go:27.13,28.37 2 1
github.com/sam-caldwell/ami/src/ami/compiler/sem/return_types_with_sigs.go:28.37,30.64 1 1
github.com/sam-caldwell/ami/src/ami/compiler/sem/return_types_with_sigs.go:30.64,31.72 1 1
github.com/sam-caldwell/ami/src/ami/compiler/sem/return_types_with_sigs.go:31.72,33.22 1 1
github.com/sam-caldwell/ami/src/ami/compiler/sem/return_types_with_sigs.go:36.13,36.30 1 1
github.com/sam-caldwell/ami/src/ami/compiler/sem/return_types_with_sigs.go:36.30,43.46 4 1
github.com/sam-caldwell/ami/src/ami/compiler/sem/return_types_with_sigs.go:43.46,43.91 1 1
github.com/sam-caldwell/ami/src/ami/compiler/sem/return_types_with_sigs.go:43.91,43.104 1 1
github.com/sam-caldwell/ami/src/ami/compiler/sem/return_types_with_sigs.go:44.17,44.46 1 1
github.com/sam-caldwell/ami/src/ami/compiler/sem/return_types_with_sigs.go:44.46,45.77 1 1
github.com/sam-caldwell/ami/src/ami/compiler/sem/return_types_with_sigs.go:45.77,46.89 1 1
github.com/sam-caldwell/ami/src/ami/compiler/sem/return_types_with_sigs.go:46.89,49.37 3 1
github.com/sam-caldwell/ami/src/ami/compiler/sem/return_types_with_sigs.go:52.21,54.26 2 1
github.com/sam-caldwell/ami/src/ami/compiler/sem/return_types_with_sigs.go:57.13,57.38 1 1
github.com/sam-caldwell/ami/src/ami/compiler/sem/return_types_with_sigs.go:57.38,59.25 2 0
github.com/sam-caldwell/ami/src/ami/compiler/sem/return_types_with_sigs.go:62.13,63.32 2 1
github.com/sam-caldwell/ami/src/ami/compiler/sem/return_types_with_sigs.go:63.32,64.54 1 1
github.com/sam-caldwell/ami/src/ami/compiler/sem/return_types_with_sigs.go:64.54,64.78 2 1
github.com/sam-caldwell/ami/src/ami/compiler/sem/return_types_with_sigs.go:66.13,66.25 1 1
github.com/sam-caldwell/ami/src/ami/compiler/sem/return_types_with_sigs.go:66.25,68.14 1 1
github.com/sam-caldwell/ami/src/ami/compiler/sem/return_types_with_sigs.go:71.5,71.15 1 1
github.com/sam-caldwell/ami/src/ami/compiler/sem/return_types_with_sigs.go:74.97,75.26 1 1
github.com/sam-caldwell/ami/src/ami/compiler/sem/return_types_with_sigs.go:76.25,77.38 1 1
github.com/sam-caldwell/ami/src/ami/compiler/sem/return_types_with_sigs.go:77.38,77.50 1 1
github.com/sam-caldwell/ami/src/ami/compiler/sem/return_types_with_sigs.go:78.9,78.21 1 1
github.com/sam-caldwell/ami/src/ami/compiler/sem/return_types_with_sigs.go:79.24,80.72 1 0
github.com/sam-caldwell/ami/src/ami/compiler/sem/return_types_with_sigs.go:80.72,80.88 1 0
github.com/sam-caldwell/ami/src/ami/compiler/sem/return_types_with_sigs.go:81.9,81.21 1 0
github.com/sam-caldwell/ami/src/ami/compiler/sem/return_types_with_sigs.go:82.82,83.29 1 1
github.com/sam-caldwell/ami/src/ami/compiler/sem/return_types_with_sigs.go:84.13,85.37 1 1
github.com/sam-caldwell/ami/src/ami/compiler/sem/return_types_with_sigs.go:91.56,93.33 2 1
github.com/sam-caldwell/ami/src/ami/compiler/sem/return_types_with_sigs.go:93.33,93.67 1 1
github.com/sam-caldwell/ami/src/ami/compiler/sem/return_types_with_sigs.go:93.67,93.91 1 1
github.com/sam-caldwell/ami/src/ami/compiler/sem/return_types_with_sigs.go:94.5,94.23 1 1
github.com/sam-caldwell/ami/src/ami/compiler/sem/return_types_with_sigs.go:94.23,94.37 1 0
github.com/sam-caldwell/ami/src/ami/compiler/sem/return_types_with_sigs.go:95.5,95.38 1 1
github.com/sam-caldwell/ami/src/ami/compiler/sem/return_types_with_sigs.go:95.38,96.31 1 1
github.com/sam-caldwell/ami/src/ami/compiler/sem/return_types_with_sigs.go:97.27,98.29 1 1
github.com/sam-caldwell/ami/src/ami/compiler/sem/return_types_with_sigs.go:98.29,99.33 1 1
github.com/sam-caldwell/ami/src/ami/compiler/sem/return_types_with_sigs.go:99.33,99.57 1 1
github.com/sam-caldwell/ami/src/ami/compiler/sem/return_types_with_sigs.go:99.62,99.80 1 1
github.com/sam-caldwell/ami/src/ami/compiler/sem/return_types_with_sigs.go:99.80,100.71 1 1
github.com/sam-caldwell/ami/src/ami/compiler/sem/return_types_with_sigs.go:100.71,100.90 1 1
github.com/sam-caldwell/ami/src/ami/compiler/sem/return_types_with_sigs.go:103.30,104.47 1 1
github.com/sam-caldwell/ami/src/ami/compiler/sem/return_types_with_sigs.go:104.47,105.68 1 1
github.com/sam-caldwell/ami/src/ami/compiler/sem/return_types_with_sigs.go:105.68,105.87 1 1
github.com/sam-caldwell/ami/src/ami/compiler/sem/return_types_with_sigs.go:109.5,109.15 1 1
github.com/sam-caldwell/ami/src/ami/compiler/sem/signatures.go:10.69,12.17 2 1
github.com/sam-caldwell/ami/src/ami/compiler/sem/signatures.go:12.17,12.31 1 0
github.com/sam-caldwell/ami/src/ami/compiler/sem/signatures.go:13.5,13.31 1 1
github.com/sam-caldwell/ami/src/ami/compiler/sem/signatures.go:13.31,14.44 1 1
github.com/sam-caldwell/ami/src/ami/compiler/sem/signatures.go:14.44,15.30 1 1
github.com/sam-caldwell/ami/src/ami/compiler/sem/signatures.go:15.30,15.40 1 0
github.com/sam-caldwell/ami/src/ami/compiler/sem/signatures.go:16.13,16.51 1 1
github.com/sam-caldwell/ami/src/ami/compiler/sem/signatures.go:19.5,19.15 1 1
github.com/sam-caldwell/ami/src/ami/compiler/sem/workers.go:15.48,17.17 2 1
github.com/sam-caldwell/ami/src/ami/compiler/sem/workers.go:17.17,17.31 1 0
github.com/sam-caldwell/ami/src/ami/compiler/sem/workers.go:18.5,21.31 3 1
github.com/sam-caldwell/ami/src/ami/compiler/sem/workers.go:21.31,22.44 1 1
github.com/sam-caldwell/ami/src/ami/compiler/sem/workers.go:22.44,24.10 1 1
github.com/sam-caldwell/ami/src/ami/compiler/sem/workers.go:27.5,29.31 2 1
github.com/sam-caldwell/ami/src/ami/compiler/sem/workers.go:29.31,31.16 2 1
github.com/sam-caldwell/ami/src/ami/compiler/sem/workers.go:31.16,31.26 1 1
github.com/sam-caldwell/ami/src/ami/compiler/sem/workers.go:32.9,32.36 1 1
github.com/sam-caldwell/ami/src/ami/compiler/sem/workers.go:32.36,34.20 2 1
github.com/sam-caldwell/ami/src/ami/compiler/sem/workers.go:34.20,34.30 1 0
github.com/sam-caldwell/ami/src/ami/compiler/sem/workers.go:35.13,35.56 1 1
github.com/sam-caldwell/ami/src/ami/compiler/sem/workers.go:35.56,35.66 1 1
github.com/sam-caldwell/ami/src/ami/compiler/sem/workers.go:36.13,36.34 1 1
github.com/sam-caldwell/ami/src/ami/compiler/sem/workers.go:36.34,36.44 1 0
github.com/sam-caldwell/ami/src/ami/compiler/sem/workers.go:37.13,39.28 3 1
github.com/sam-caldwell/ami/src/ami/compiler/sem/workers.go:39.28,42.14 1 0
github.com/sam-caldwell/ami/src/ami/compiler/sem/workers.go:44.13,45.28 2 1
github.com/sam-caldwell/ami/src/ami/compiler/sem/workers.go:45.28,45.38 1 0
github.com/sam-caldwell/ami/src/ami/compiler/sem/workers.go:46.13,46.63 1 1
github.com/sam-caldwell/ami/src/ami/compiler/sem/workers.go:46.63,49.49 2 1
github.com/sam-caldwell/ami/src/ami/compiler/sem/workers.go:49.49,50.29 1 1
github.com/sam-caldwell/ami/src/ami/compiler/sem/workers.go:52.17,52.36 1 0
github.com/sam-caldwell/ami/src/ami/compiler/sem/workers.go:54.13,55.20 2 1
github.com/sam-caldwell/ami/src/ami/compiler/sem/workers.go:55.20,57.25 2 1
github.com/sam-caldwell/ami/src/ami/compiler/sem/workers.go:60.13,60.50 1 1
github.com/sam-caldwell/ami/src/ami/compiler/sem/workers.go:60.50,60.60 1 0
github.com/sam-caldwell/ami/src/ami/compiler/sem/workers.go:62.13,62.87 1 1
github.com/sam-caldwell/ami/src/ami/compiler/sem/workers.go:62.87,64.25 2 1
github.com/sam-caldwell/ami/src/ami/compiler/sem/workers.go:66.13,66.122 1 0
github.com/sam-caldwell/ami/src/ami/compiler/sem/workers.go:66.122,68.25 2 0
github.com/sam-caldwell/ami/src/ami/compiler/sem/workers.go:72.5,72.15 1 1
